2023.09.01 10:05:30 INFO  Started: Metals version 1.0.1 in folders '/Users/lm210306/Documents/SecondYear/FunctionalProgramming/Labsheet_10' for client Visual Studio Code 1.81.1.
Sep 01, 2023 10:05:30 AM org.flywaydb.core.internal.license.VersionPrinter printVersionOnly
INFO: Flyway Community Edition 9.21.2 by Redgate
Sep 01, 2023 10:05:30 AM org.flywaydb.core.internal.license.VersionPrinter printVersion
INFO: See release notes here: https://rd.gt/416ObMi
Sep 01, 2023 10:05:30 AM org.flywaydb.core.internal.license.VersionPrinter printVersion
INFO: 
Sep 01, 2023 10:05:30 AM org.flywaydb.core.FlywayExecutor execute
INFO: Database: jdbc:h2:file:/Users/lm210306/Documents/SecondYear/FunctionalProgramming/Labsheet_10/.metals/metals (H2 2.1)
Sep 01, 2023 10:05:30 AM org.flywaydb.core.internal.schemahistory.JdbcTableSchemaHistory allAppliedMigrations
INFO: Schema history table "PUBLIC"."flyway_schema_history" does not exist yet
Sep 01, 2023 10:05:30 AM org.flywaydb.core.internal.command.DbValidate validate
INFO: Successfully validated 4 migrations (execution time 00:00.020s)
Sep 01, 2023 10:05:31 AM org.flywaydb.core.internal.schemahistory.JdbcTableSchemaHistory create
INFO: Creating Schema History table "PUBLIC"."flyway_schema_history" ...
Sep 01, 2023 10:05:31 AM org.flywaydb.core.internal.command.DbMigrate migrateGroup
INFO: Current version of schema "PUBLIC": << Empty Schema >>
Sep 01, 2023 10:05:31 AM org.flywaydb.core.internal.command.DbMigrate doMigrateGroup
INFO: Migrating schema "PUBLIC" to version "1 - Create tables"
Sep 01, 2023 10:05:31 AM org.flywaydb.core.internal.command.DbMigrate doMigrateGroup
INFO: Migrating schema "PUBLIC" to version "2 - Server discovery"
Sep 01, 2023 10:05:31 AM org.flywaydb.core.internal.command.DbMigrate doMigrateGroup
INFO: Migrating schema "PUBLIC" to version "3 - Jar symbols"
Sep 01, 2023 10:05:31 AM org.flywaydb.core.internal.command.DbMigrate doMigrateGroup
INFO: Migrating schema "PUBLIC" to version "4 - Fingerprints"
Sep 01, 2023 10:05:31 AM org.flywaydb.core.internal.command.DbMigrate logSummary
INFO: Successfully applied 4 migrations to schema "PUBLIC", now at version v4 (execution time 00:00.065s)
2023.09.01 10:05:31 INFO  time: initialize in 0.97s
2023.09.01 10:05:38 WARN  scala-cli >= 0.1.3 not found in PATH, fetching and starting a JVM-based Scala CLI
2023.09.01 10:05:48 INFO  no build target found for /Users/lm210306/Documents/SecondYear/FunctionalProgramming/Labsheet_10/Qu1.scala. Using presentation compiler with project's scala-library version: 3.3.0
Sep 01, 2023 10:05:48 AM org.eclipse.lsp4j.jsonrpc.RemoteEndpoint handleCancellation
WARNING: Unmatched cancel notification for request id 1
2023.09.01 10:05:51 INFO  time: code lens generation in 15s
2023.09.01 10:05:51 INFO  time: code lens generation in 2.72s
2023.09.01 10:05:51 INFO  Running List(/Users/lm210306/.jabba/jdk/openjdk@1.17.0/Contents/Home/bin/java, -cp, /Users/lm210306/Library/Caches/Coursier/v1/https/repo1.maven.org/maven2/org/virtuslab/scala-cli/cli_3/1.0.4/cli_3-1.0.4.jar:/Users/lm210306/Library/Caches/Coursier/v1/https/repo1.maven.org/maven2/com/github/alexarchambault/case-app_3/2.1.0-M25/case-app_3-2.1.0-M25.jar:/Users/lm210306/Library/Caches/Coursier/v1/https/repo1.maven.org/maven2/io/get-coursier/coursier-launcher_2.13/2.1.5/coursier-launcher_2.13-2.1.5.jar:/Users/lm210306/Library/Caches/Coursier/v1/https/repo1.maven.org/maven2/io/get-coursier/coursier-proxy-setup/2.1.5/coursier-proxy-setup-2.1.5.jar:/Users/lm210306/Library/Caches/Coursier/v1/https/repo1.maven.org/maven2/io/get-coursier/publish/publish_2.13/0.1.4/publish_2.13-0.1.4.jar:/Users/lm210306/Library/Caches/Coursier/v1/https/repo1.maven.org/maven2/com/google/jimfs/jimfs/1.3.0/jimfs-1.3.0.jar:/Users/lm210306/Library/Caches/Coursier/v1/https/repo1.maven.org/maven2/io/get-coursier/jniutils/windows-jni-utils/0.3.3/windows-jni-utils-0.3.3.jar:/Users/lm210306/Library/Caches/Coursier/v1/https/repo1.maven.org/maven2/com/github/plokhotnyuk/jsoniter-scala/jsoniter-scala-core_3/2.13.5.2/jsoniter-scala-core_3-2.13.5.2.jar:/Users/lm210306/Library/Caches/Coursier/v1/https/repo1.maven.org/maven2/org/virtuslab/scala-cli/libsodiumjni/0.0.3/libsodiumjni-0.0.3.jar:/Users/lm210306/Library/Caches/Coursier/v1/https/repo1.maven.org/maven2/com/geirsson/metaconfig-typesafe-config_3/0.11.1/metaconfig-typesafe-config_3-0.11.1.jar:/Users/lm210306/Library/Caches/Coursier/v1/https/repo1.maven.org/maven2/ai/kien/python-native-libs_3/0.2.4/python-native-libs_3-0.2.4.jar:/Users/lm210306/Library/Caches/Coursier/v1/https/repo1.maven.org/maven2/org/virtuslab/scala-packager_2.13/0.1.29/scala-packager_2.13-0.1.29.jar:/Users/lm210306/Library/Caches/Coursier/v1/https/repo1.maven.org/maven2/org/virtuslab/scala-cli-signing/cli_3/0.2.2/cli_3-0.2.2.jar:/Users/lm210306/Library/Caches/Coursier/v1/https/repo1.maven.org/maven2/org/slf4j/slf4j-nop/2.0.7/slf4j-nop-2.0.7.jar:/Users/lm210306/Library/Caches/Coursier/v1/https/repo1.maven.org/maven2/com/softwaremill/sttp/client3/core_2.13/3.8.16/core_2.13-3.8.16.jar:/Users/lm210306/Library/Caches/Coursier/v1/https/repo1.maven.org/maven2/org/scala-lang/scala3-library_3/3.3.0/scala3-library_3-3.3.0.jar:/Users/lm210306/Library/Caches/Coursier/v1/https/repo1.maven.org/maven2/org/virtuslab/scala-cli/build-module_3/1.0.4/build-module_3-1.0.4.jar:/Users/lm210306/Library/Caches/Coursier/v1/https/repo1.maven.org/maven2/org/virtuslab/scala-cli/config_3/1.0.4/config_3-1.0.4.jar:/Users/lm210306/Library/Caches/Coursier/v1/https/repo1.maven.org/maven2/org/virtuslab/scala-cli/scala3-graal_3/1.0.4/scala3-graal_3-1.0.4.jar:/Users/lm210306/Library/Caches/Coursier/v1/https/repo1.maven.org/maven2/org/virtuslab/scala-cli/specification-level_3/1.0.4/specification-level_3-1.0.4.jar:/Users/lm210306/Library/Caches/Coursier/v1/https/repo1.maven.org/maven2/com/github/alexarchambault/case-app-annotations_3/2.1.0-M25/case-app-annotations_3-2.1.0-M25.jar:/Users/lm210306/Library/Caches/Coursier/v1/https/repo1.maven.org/maven2/com/github/alexarchambault/case-app-util_3/2.1.0-M25/case-app-util_3-2.1.0-M25.jar:/Users/lm210306/Library/Caches/Coursier/v1/https/repo1.maven.org/maven2/com/lihaoyi/sourcecode_3/0.3.0/sourcecode_3-0.3.0.jar:/Users/lm210306/Library/Caches/Coursier/v1/https/repo1.maven.org/maven2/org/scala-lang/modules/scala-collection-compat_2.13/2.11.0/scala-collection-compat_2.13-2.11.0.jar:/Users/lm210306/Library/Caches/Coursier/v1/https/repo1.maven.org/maven2/io/github/alexarchambault/scala-cli/tmp/zip-input-stream/0.1.1/zip-input-stream-0.1.1.jar:/Users/lm210306/Library/Caches/Coursier/v1/https/repo1.maven.org/maven2/ai/kien/python-native-libs_2.13/0.2.4/python-native-libs_2.13-0.2.4.jar:/Users/lm210306/Library/Caches/Coursier/v1/https/repo1.maven.org/maven2/org/scala-lang/scala-library/2.13.11/scala-library-2.13.11.jar:/Users/lm210306/Library/Caches/Coursier/v1/https/repo1.maven.org/maven2/io/get-coursier/coursier-cache_2.13/2.1.5/coursier-cache_2.13-2.1.5.jar:/Users/lm210306/Library/Caches/Coursier/v1/https/repo1.maven.org/maven2/io/get-coursier/coursier-core_2.13/2.1.5/coursier-core_2.13-2.1.5.jar:/Users/lm210306/Library/Caches/Coursier/v1/https/repo1.maven.org/maven2/com/github/plokhotnyuk/jsoniter-scala/jsoniter-scala-core_2.13/2.13.15/jsoniter-scala-core_2.13-2.13.15.jar:/Users/lm210306/Library/Caches/Coursier/v1/https/repo1.maven.org/maven2/com/google/guava/guava/32.1.2-jre/guava-32.1.2-jre.jar:/Users/lm210306/Library/Caches/Coursier/v1/https/repo1.maven.org/maven2/net/java/dev/jna/jna/5.12.1/jna-5.12.1.jar:/Users/lm210306/Library/Caches/Coursier/v1/https/repo1.maven.org/maven2/net/java/dev/jna/jna-platform/5.12.1/jna-platform-5.12.1.jar:/Users/lm210306/Library/Caches/Coursier/v1/https/repo1.maven.org/maven2/com/geirsson/metaconfig-core_3/0.11.1/metaconfig-core_3-0.11.1.jar:/Users/lm210306/Library/Caches/Coursier/v1/https/repo1.maven.org/maven2/com/typesafe/config/1.4.1/config-1.4.1.jar:/Users/lm210306/Library/Caches/Coursier/v1/https/repo1.maven.org/maven2/org/scala-lang/modules/scala-collection-compat_3/2.11.0/scala-collection-compat_3-2.11.0.jar:/Users/lm210306/Library/Caches/Coursier/v1/https/repo1.maven.org/maven2/commons-io/commons-io/2.11.0/commons-io-2.11.0.jar:/Users/lm210306/Library/Caches/Coursier/v1/https/repo1.maven.org/maven2/com/google/cloud/tools/jib-core/0.22.0/jib-core-0.22.0.jar:/Users/lm210306/Library/Caches/Coursier/v1/https/repo1.maven.org/maven2/com/lihaoyi/os-lib_2.13/0.8.1/os-lib_2.13-0.8.1.jar:/Users/lm210306/Library/Caches/Coursier/v1/https/repo1.maven.org/maven2/org/bouncycastle/bcpg-jdk18on/1.73/bcpg-jdk18on-1.73.jar:/Users/lm210306/Library/Caches/Coursier/v1/https/repo1.maven.org/maven2/org/virtuslab/scala-cli-signing/shared_3/0.2.2/shared_3-0.2.2.jar:/Users/lm210306/Library/Caches/Coursier/v1/https/repo1.maven.org/maven2/org/slf4j/slf4j-api/2.0.7/slf4j-api-2.0.7.jar:/Users/lm210306/Library/Caches/Coursier/v1/https/repo1.maven.org/maven2/com/softwaremill/sttp/model/core_2.13/1.5.5/core_2.13-1.5.5.jar:/Users/lm210306/Library/Caches/Coursier/v1/https/repo1.maven.org/maven2/com/softwaremill/sttp/shared/core_2.13/1.3.13/core_2.13-1.3.13.jar:/Users/lm210306/Library/Caches/Coursier/v1/https/repo1.maven.org/maven2/com/softwaremill/sttp/shared/ws_2.13/1.3.13/ws_2.13-1.3.13.jar:/Users/lm210306/Library/Caches/Coursier/v1/https/repo1.maven.org/maven2/org/ow2/asm/asm/9.5/asm-9.5.jar:/Users/lm210306/Library/Caches/Coursier/v1/https/repo1.maven.org/maven2/io/github/alexarchambault/scala-cli/java-class-name_3/0.1.0/java-class-name_3-0.1.0.jar:/Users/lm210306/Library/Caches/Coursier/v1/https/repo1.maven.org/maven2/org/scalameta/trees_2.13/4.8.7/trees_2.13-4.8.7.jar:/Users/lm210306/Library/Caches/Coursier/v1/https/repo1.maven.org/maven2/org/scala-native/test-runner_3/0.4.14/test-runner_3-0.4.14.jar:/Users/lm210306/Library/Caches/Coursier/v1/https/repo1.maven.org/maven2/com/lihaoyi/os-lib_3/0.9.1/os-lib_3-0.9.1.jar:/Users/lm210306/Library/Caches/Coursier/v1/https/repo1.maven.org/maven2/com/lihaoyi/pprint_3/0.8.1/pprint_3-0.8.1.jar:/Users/lm210306/Library/Caches/Coursier/v1/https/repo1.maven.org/maven2/org/scala-js/scalajs-env-nodejs_2.13/1.4.0/scalajs-env-nodejs_2.13-1.4.0.jar:/Users/lm210306/Library/Caches/Coursier/v1/https/repo1.maven.org/maven2/org/scala-js/scalajs-sbt-test-adapter_2.13/1.13.2/scalajs-sbt-test-adapter_2.13-1.13.2.jar:/Users/lm210306/Library/Caches/Coursier/v1/https/repo1.maven.org/maven2/com/swoval/file-tree-views/2.1.10/file-tree-views-2.1.10.jar:/Users/lm210306/Library/Caches/Coursier/v1/https/repo1.maven.org/maven2/org/virtuslab/scala-cli/options_3/1.0.4/options_3-1.0.4.jar:/Users/lm210306/Library/Caches/Coursier/v1/https/repo1.maven.org/maven2/org/virtuslab/scala-cli/directives_3/1.0.4/directives_3-1.0.4.jar:/Users/lm210306/Library/Caches/Coursier/v1/https/repo1.maven.org/maven2/org/virtuslab/scala-cli/scala-cli-bsp/1.0.4/scala-cli-bsp-1.0.4.jar:/Users/lm210306/Library/Caches/Coursier/v1/https/repo1.maven.org/maven2/org/virtuslab/scala-cli/test-runner_2.13/1.0.4/test-runner_2.13-1.0.4.jar:/Users/lm210306/Library/Caches/Coursier/v1/https/repo1.maven.org/maven2/org/virtuslab/scala-cli/tasty-lib_3/1.0.4/tasty-lib_3-1.0.4.jar:/Users/lm210306/Library/Caches/Coursier/v1/https/repo1.maven.org/maven2/org/codehaus/plexus/plexus-archiver/4.7.1/plexus-archiver-4.7.1.jar:/Users/lm210306/Library/Caches/Coursier/v1/https/repo1.maven.org/maven2/org/codehaus/plexus/plexus-container-default/2.1.1/plexus-container-default-2.1.1.jar:/Users/lm210306/Library/Caches/Coursier/v1/https/repo1.maven.org/maven2/io/github/alexarchambault/windows-ansi/windows-ansi/0.0.5/windows-ansi-0.0.5.jar:/Users/lm210306/Library/Caches/Coursier/v1/https/repo1.maven.org/maven2/io/get-coursier/coursier-util_2.13/2.1.5/coursier-util_2.13-2.1.5.jar:/Users/lm210306/Library/Caches/Coursier/v1/https/repo1.maven.org/maven2/io/github/alexarchambault/concurrent-reference-hash-map/1.1.0/concurrent-reference-hash-map-1.1.0.jar:/Users/lm210306/Library/Caches/Coursier/v1/https/repo1.maven.org/maven2/org/scala-lang/modules/scala-xml_2.13/2.1.0/scala-xml_2.13-2.1.0.jar:/Users/lm210306/Library/Caches/Coursier/v1/https/repo1.maven.org/maven2/com/google/guava/failureaccess/1.0.1/failureaccess-1.0.1.jar:/Users/lm210306/Library/Caches/Coursier/v1/https/repo1.maven.org/maven2/com/google/guava/listenablefuture/9999.0-empty-to-avoid-conflict-with-guava/listenablefuture-9999.0-empty-to-avoid-conflict-with-guava.jar:/Users/lm210306/Library/Caches/Coursier/v1/https/repo1.maven.org/maven2/com/google/code/findbugs/jsr305/3.0.2/jsr305-3.0.2.jar:/Users/lm210306/Library/Caches/Coursier/v1/https/repo1.maven.org/maven2/org/checkerframework/checker-qual/3.33.0/checker-qual-3.33.0.jar:/Users/lm210306/Library/Caches/Coursier/v1/https/repo1.maven.org/maven2/com/google/errorprone/error_prone_annotations/2.18.0/error_prone_annotations-2.18.0.jar:/Users/lm210306/Library/Caches/Coursier/v1/https/repo1.maven.org/maven2/com/google/j2objc/j2objc-annotations/2.8/j2objc-annotations-2.8.jar:/Users/lm210306/Library/Caches/Coursier/v1/https/repo1.maven.org/maven2/com/geirsson/metaconfig-pprint_3/0.11.1/metaconfig-pprint_3-0.11.1.jar:/Users/lm210306/Library/Caches/Coursier/v1/https/repo1.maven.org/maven2/org/typelevel/paiges-core_3/0.4.2/paiges-core_3-0.4.2.jar:/Users/lm210306/Library/Caches/Coursier/v1/https/repo1.maven.org/maven2/org/scala-lang/scala-reflect/2.13.8/scala-reflect-2.13.8.jar:/Users/lm210306/Library/Caches/Coursier/v1/https/repo1.maven.org/maven2/com/google/cloud/tools/jib-build-plan/0.4.0/jib-build-plan-0.4.0.jar:/Users/lm210306/Library/Caches/Coursier/v1/https/repo1.maven.org/maven2/com/google/http-client/google-http-client/1.34.0/google-http-client-1.34.0.jar:/Users/lm210306/Library/Caches/Coursier/v1/https/repo1.maven.org/maven2/com/google/http-client/google-http-client-apache-v2/1.34.0/google-http-client-apache-v2-1.34.0.jar:/Users/lm210306/Library/Caches/Coursier/v1/https/repo1.maven.org/maven2/com/google/auth/google-auth-library-oauth2-http/0.18.0/google-auth-library-oauth2-http-0.18.0.jar:/Users/lm210306/Library/Caches/Coursier/v1/https/repo1.maven.org/maven2/org/apache/commons/commons-compress/1.23.0/commons-compress-1.23.0.jar:/Users/lm210306/Library/Caches/Coursier/v1/https/repo1.maven.org/maven2/com/fasterxml/jackson/core/jackson-databind/2.13.3/jackson-databind-2.13.3.jar:/Users/lm210306/Library/Caches/Coursier/v1/https/repo1.maven.org/maven2/com/fasterxml/jackson/datatype/jackson-datatype-jsr310/2.13.3/jackson-datatype-jsr310-2.13.3.jar:/Users/lm210306/Library/Caches/Coursier/v1/https/repo1.maven.org/maven2/com/lihaoyi/geny_2.13/0.7.1/geny_2.13-0.7.1.jar:/Users/lm210306/Library/Caches/Coursier/v1/https/repo1.maven.org/maven2/org/bouncycastle/bcprov-jdk18on/1.73/bcprov-jdk18on-1.73.jar:/Users/lm210306/Library/Caches/Coursier/v1/https/repo1.maven.org/maven2/org/scala-lang/scala3-compiler_3/3.1.2/scala3-compiler_3-3.1.2.jar:/Users/lm210306/Library/Caches/Coursier/v1/https/repo1.maven.org/maven2/org/scalameta/common_2.13/4.8.7/common_2.13-4.8.7.jar:/Users/lm210306/Library/Caches/Coursier/v1/https/repo1.maven.org/maven2/org/scala-native/tools_3/0.4.14/tools_3-0.4.14.jar:/Users/lm210306/Library/Caches/Coursier/v1/https/repo1.maven.org/maven2/org/scala-sbt/test-interface/1.0/test-interface-1.0.jar:/Users/lm210306/Library/Caches/Coursier/v1/https/repo1.maven.org/maven2/com/novocode/junit-interface/0.11/junit-interface-0.11.jar:/Users/lm210306/Library/Caches/Coursier/v1/https/repo1.maven.org/maven2/junit/junit/4.13.2/junit-4.13.2.jar:/Users/lm210306/Library/Caches/Coursier/v1/https/repo1.maven.org/maven2/com/lihaoyi/geny_3/1.0.0/geny_3-1.0.0.jar:/Users/lm210306/Library/Caches/Coursier/v1/https/repo1.maven.org/maven2/com/lihaoyi/fansi_3/0.4.0/fansi_3-0.4.0.jar:/Users/lm210306/Library/Caches/Coursier/v1/https/repo1.maven.org/maven2/org/scala-js/scalajs-js-envs_2.13/1.4.0/scalajs-js-envs_2.13-1.4.0.jar:/Users/lm210306/Library/Caches/Coursier/v1/https/repo1.maven.org/maven2/ch/epfl/scala/bloop-config_2.13/1.5.5/bloop-config_2.13-1.5.5.jar:/Users/lm210306/Library/Caches/Coursier/v1/https/repo1.maven.org/maven2/org/virtuslab/scala-cli/core_3/1.0.4/core_3-1.0.4.jar:/Users/lm210306/Library/Caches/Coursier/v1/https/repo1.maven.org/maven2/org/virtuslab/using_directives/1.1.0/using_directives-1.1.0.jar:/Users/lm210306/Library/Caches/Coursier/v1/https/repo1.maven.org/maven2/org/virtuslab/scala-cli/build-macros_3/1.0.4/build-macros_3-1.0.4.jar:/Users/lm210306/Library/Caches/Coursier/v1/https/repo1.maven.org/maven2/ch/epfl/scala/bsp4j/2.1.0-M5/bsp4j-2.1.0-M5.jar:/Users/lm210306/Library/Caches/Coursier/v1/https/repo1.maven.org/maven2/javax/inject/javax.inject/1/javax.inject-1.jar:/Users/lm210306/Library/Caches/Coursier/v1/https/repo1.maven.org/maven2/org/codehaus/plexus/plexus-utils/3.5.1/plexus-utils-3.5.1.jar:/Users/lm210306/Library/Caches/Coursier/v1/https/repo1.maven.org/maven2/org/codehaus/plexus/plexus-io/3.4.1/plexus-io-3.4.1.jar:/Users/lm210306/Library/Caches/Coursier/v1/https/repo1.maven.org/maven2/org/iq80/snappy/snappy/0.4/snappy-0.4.jar:/Users/lm210306/Library/Caches/Coursier/v1/https/repo1.maven.org/maven2/org/tukaani/xz/1.9/xz-1.9.jar:/Users/lm210306/Library/Caches/Coursier/v1/https/repo1.maven.org/maven2/com/github/luben/zstd-jni/1.5.5-2/zstd-jni-1.5.5-2.jar:/Users/lm210306/Library/Caches/Coursier/v1/https/repo1.maven.org/maven2/org/codehaus/plexus/plexus-classworlds/2.6.0/plexus-classworlds-2.6.0.jar:/Users/lm210306/Library/Caches/Coursier/v1/https/repo1.maven.org/maven2/org/apache/xbean/xbean-reflect/3.7/xbean-reflect-3.7.jar:/Users/lm210306/Library/Caches/Coursier/v1/https/repo1.maven.org/maven2/org/fusesource/jansi/jansi/1.18/jansi-1.18.jar:/Users/lm210306/Library/Caches/Coursier/v1/https/repo1.maven.org/maven2/org/apache/httpcomponents/httpclient/4.5.10/httpclient-4.5.10.jar:/Users/lm210306/Library/Caches/Coursier/v1/https/repo1.maven.org/maven2/org/apache/httpcomponents/httpcore/4.4.12/httpcore-4.4.12.jar:/Users/lm210306/Library/Caches/Coursier/v1/https/repo1.maven.org/maven2/io/opencensus/opencensus-api/0.24.0/opencensus-api-0.24.0.jar:/Users/lm210306/Library/Caches/Coursier/v1/https/repo1.maven.org/maven2/io/opencensus/opencensus-contrib-http-util/0.24.0/opencensus-contrib-http-util-0.24.0.jar:/Users/lm210306/Library/Caches/Coursier/v1/https/repo1.maven.org/maven2/com/google/auto/value/auto-value-annotations/1.6.6/auto-value-annotations-1.6.6.jar:/Users/lm210306/Library/Caches/Coursier/v1/https/repo1.maven.org/maven2/com/google/auth/google-auth-library-credentials/0.18.0/google-auth-library-credentials-0.18.0.jar:/Users/lm210306/Library/Caches/Coursier/v1/https/repo1.maven.org/maven2/com/google/http-client/google-http-client-jackson2/1.32.1/google-http-client-jackson2-1.32.1.jar:/Users/lm210306/Library/Caches/Coursier/v1/https/repo1.maven.org/maven2/com/fasterxml/jackson/core/jackson-annotations/2.13.3/jackson-annotations-2.13.3.jar:/Users/lm210306/Library/Caches/Coursier/v1/https/repo1.maven.org/maven2/com/fasterxml/jackson/core/jackson-core/2.13.3/jackson-core-2.13.3.jar:/Users/lm210306/Library/Caches/Coursier/v1/https/repo1.maven.org/maven2/org/scala-lang/scala3-interfaces/3.1.2/scala3-interfaces-3.1.2.jar:/Users/lm210306/Library/Caches/Coursier/v1/https/repo1.maven.org/maven2/org/scala-lang/tasty-core_3/3.1.2/tasty-core_3-3.1.2.jar:/Users/lm210306/Library/Caches/Coursier/v1/https/repo1.maven.org/maven2/org/scala-lang/modules/scala-asm/9.1.0-scala-1/scala-asm-9.1.0-scala-1.jar:/Users/lm210306/Library/Caches/Coursier/v1/https/repo1.maven.org/maven2/org/scala-sbt/compiler-interface/1.3.5/compiler-interface-1.3.5.jar:/Users/lm210306/Library/Caches/Coursier/v1/https/repo1.maven.org/maven2/org/jline/jline-reader/3.19.0/jline-reader-3.19.0.jar:/Users/lm210306/Library/Caches/Coursier/v1/https/repo1.maven.org/maven2/org/jline/jline-terminal/3.19.0/jline-terminal-3.19.0.jar:/Users/lm210306/Library/Caches/Coursier/v1/https/repo1.maven.org/maven2/org/jline/jline-terminal-jna/3.19.0/jline-terminal-jna-3.19.0.jar:/Users/lm210306/Library/Caches/Coursier/v1/https/repo1.maven.org/maven2/com/lihaoyi/sourcecode_2.13/0.3.0/sourcecode_2.13-0.3.0.jar:/Users/lm210306/Library/Caches/Coursier/v1/https/repo1.maven.org/maven2/com/thesamet/scalapb/scalapb-runtime_2.13/0.11.13/scalapb-runtime_2.13-0.11.13.jar:/Users/lm210306/Library/Caches/Coursier/v1/https/repo1.maven.org/maven2/org/scala-native/nir_3/0.4.14/nir_3-0.4.14.jar:/Users/lm210306/Library/Caches/Coursier/v1/https/repo1.maven.org/maven2/org/scala-native/util_3/0.4.14/util_3-0.4.14.jar:/Users/lm210306/Library/Caches/Coursier/v1/https/repo1.maven.org/maven2/org/scala-lang/modules/scala-parallel-collections_3/1.0.3/scala-parallel-collections_3-1.0.3.jar:/Users/lm210306/Library/Caches/Coursier/v1/https/repo1.maven.org/maven2/org/hamcrest/hamcrest-core/1.3/hamcrest-core-1.3.jar:/Users/lm210306/Library/Caches/Coursier/v1/https/repo1.maven.org/maven2/org/scala-js/scalajs-logging_2.13/1.1.1/scalajs-logging_2.13-1.1.1.jar:/Users/lm210306/Library/Caches/Coursier/v1/https/repo1.maven.org/maven2/io/github/alexarchambault/bleep/bloop-rifle_2.13/1.5.9-sc-1/bloop-rifle_2.13-1.5.9-sc-1.jar:/Users/lm210306/Library/Caches/Coursier/v1/https/repo1.maven.org/maven2/io/get-coursier/coursier-jvm_2.13/2.1.5/coursier-jvm_2.13-2.1.5.jar:/Users/lm210306/Library/Caches/Coursier/v1/https/repo1.maven.org/maven2/io/get-coursier/dependency_3/0.2.3/dependency_3-0.2.3.jar:/Users/lm210306/Library/Caches/Coursier/v1/https/repo1.maven.org/maven2/org/eclipse/jgit/org.eclipse.jgit/6.6.0.202305301015-r/org.eclipse.jgit-6.6.0.202305301015-r.jar:/Users/lm210306/Library/Caches/Coursier/v1/https/repo1.maven.org/maven2/org/scala-js/scalajs-env-jsdom-nodejs_2.13/1.1.0/scalajs-env-jsdom-nodejs_2.13-1.1.0.jar:/Users/lm210306/Library/Caches/Coursier/v1/https/repo1.maven.org/maven2/org/eclipse/lsp4j/org.eclipse.lsp4j.generator/0.20.1/org.eclipse.lsp4j.generator-0.20.1.jar:/Users/lm210306/Library/Caches/Coursier/v1/https/repo1.maven.org/maven2/org/eclipse/lsp4j/org.eclipse.lsp4j.jsonrpc/0.20.1/org.eclipse.lsp4j.jsonrpc-0.20.1.jar:/Users/lm210306/Library/Caches/Coursier/v1/https/repo1.maven.org/maven2/commons-logging/commons-logging/1.2/commons-logging-1.2.jar:/Users/lm210306/Library/Caches/Coursier/v1/https/repo1.maven.org/maven2/commons-codec/commons-codec/1.11/commons-codec-1.11.jar:/Users/lm210306/Library/Caches/Coursier/v1/https/repo1.maven.org/maven2/io/grpc/grpc-context/1.22.1/grpc-context-1.22.1.jar:/Users/lm210306/Library/Caches/Coursier/v1/https/repo1.maven.org/maven2/com/google/protobuf/protobuf-java/3.19.6/protobuf-java-3.19.6.jar:/Users/lm210306/Library/Caches/Coursier/v1/https/repo1.maven.org/maven2/org/scala-sbt/util-interface/1.3.0/util-interface-1.3.0.jar:/Users/lm210306/Library/Caches/Coursier/v1/https/repo1.maven.org/maven2/com/thesamet/scalapb/lenses_2.13/0.11.13/lenses_2.13-0.11.13.jar:/Users/lm210306/Library/Caches/Coursier/v1/https/repo1.maven.org/maven2/io/github/alexarchambault/libdaemon/libdaemon_2.13/0.0.11/libdaemon_2.13-0.0.11.jar:/Users/lm210306/Library/Caches/Coursier/v1/https/repo1.maven.org/maven2/io/github/alexarchambault/scala-cli/snailgun/snailgun-core_2.13/0.4.1-sc2/snailgun-core_2.13-0.4.1-sc2.jar:/Users/lm210306/Library/Caches/Coursier/v1/https/repo1.maven.org/maven2/com/github/alexarchambault/argonaut-shapeless_6.3_2.13/1.3.1/argonaut-shapeless_6.3_2.13-1.3.1.jar:/Users/lm210306/Library/Caches/Coursier/v1/https/repo1.maven.org/maven2/io/get-coursier/coursier_2.13/2.1.5/coursier_2.13-2.1.5.jar:/Users/lm210306/Library/Caches/Coursier/v1/https/repo1.maven.org/maven2/io/get-coursier/coursier-env_2.13/2.1.5/coursier-env_2.13-2.1.5.jar:/Users/lm210306/Library/Caches/Coursier/v1/https/repo1.maven.org/maven2/com/googlecode/javaewah/JavaEWAH/1.2.3/JavaEWAH-1.2.3.jar:/Users/lm210306/Library/Caches/Coursier/v1/https/repo1.maven.org/maven2/org/eclipse/xtend/org.eclipse.xtend.lib/2.28.0/org.eclipse.xtend.lib-2.28.0.jar:/Users/lm210306/Library/Caches/Coursier/v1/https/repo1.maven.org/maven2/com/google/code/gson/gson/2.10.1/gson-2.10.1.jar:/Users/lm210306/Library/Caches/Coursier/v1/https/repo1.maven.org/maven2/io/argonaut/argonaut_2.13/6.3.8/argonaut_2.13-6.3.8.jar:/Users/lm210306/Library/Caches/Coursier/v1/https/repo1.maven.org/maven2/com/chuusai/shapeless_2.13/2.3.9/shapeless_2.13-2.3.9.jar:/Users/lm210306/Library/Caches/Coursier/v1/https/repo1.maven.org/maven2/org/eclipse/xtext/org.eclipse.xtext.xbase.lib/2.28.0/org.eclipse.xtext.xbase.lib-2.28.0.jar:/Users/lm210306/Library/Caches/Coursier/v1/https/repo1.maven.org/maven2/org/eclipse/xtend/org.eclipse.xtend.lib.macro/2.28.0/org.eclipse.xtend.lib.macro-2.28.0.jar, scala.cli.ScalaCli, bsp, /Users/lm210306/Documents/SecondYear/FunctionalProgramming/Labsheet_10)
2023.09.01 10:05:51 INFO  tracing is disabled for protocol BSP, to enable tracing of incoming and outgoing JSON messages create an empty file at /Users/lm210306/Documents/SecondYear/FunctionalProgramming/Labsheet_10/.metals/bsp.trace.json or /Users/lm210306/Library/Caches/org.scalameta.metals/bsp.trace.json
2023.09.01 10:05:54 INFO  Scala CLI: Starting compilation server
2023.09.01 10:05:54 INFO  Scala CLI: Downloading https://repo1.maven.org/maven2/io/github/alexarchambault/bleep/bloop-frontend_2.12/1.5.9-sc-1/bloop-frontend_2.12-1.5.9-sc-1.pom
2023.09.01 10:05:56 INFO  Scala CLI: Downloaded https://repo1.maven.org/maven2/io/github/alexarchambault/bleep/bloop-frontend_2.12/1.5.9-sc-1/bloop-frontend_2.12-1.5.9-sc-1.pom
2023.09.01 10:05:56 INFO  Scala CLI: Downloading https://repo1.maven.org/maven2/io/github/alexarchambault/bleep/bloop-backend_2.12/1.5.9-sc-1/bloop-backend_2.12-1.5.9-sc-1.pom
2023.09.01 10:05:56 INFO  Scala CLI: Downloading https://repo1.maven.org/maven2/ch/epfl/scala/scala-debug-adapter_2.12/3.1.3/scala-debug-adapter_2.12-3.1.3.pom
2023.09.01 10:05:56 INFO  Scala CLI: Downloading https://repo1.maven.org/maven2/org/scala-lang/scala-library/2.12.18/scala-library-2.12.18.pom
2023.09.01 10:05:56 INFO  Scala CLI: Downloaded https://repo1.maven.org/maven2/io/github/alexarchambault/bleep/bloop-backend_2.12/1.5.9-sc-1/bloop-backend_2.12-1.5.9-sc-1.pom
2023.09.01 10:05:57 INFO  Scala CLI: Downloaded https://repo1.maven.org/maven2/ch/epfl/scala/scala-debug-adapter_2.12/3.1.3/scala-debug-adapter_2.12-3.1.3.pom
2023.09.01 10:05:57 INFO  Scala CLI: Downloaded https://repo1.maven.org/maven2/org/scala-lang/scala-library/2.12.18/scala-library-2.12.18.pom
2023.09.01 10:05:57 INFO  Scala CLI: Downloading https://repo1.maven.org/maven2/ch/epfl/scala/com-microsoft-java-debug-core/0.34.0+19/com-microsoft-java-debug-core-0.34.0+19.pom
2023.09.01 10:05:57 INFO  Scala CLI: Downloading https://repo1.maven.org/maven2/org/scala-sbt/librarymanagement-ivy_2.12/1.9.1/librarymanagement-ivy_2.12-1.9.1.pom
2023.09.01 10:05:57 INFO  Scala CLI: Downloading https://repo1.maven.org/maven2/io/github/alexarchambault/bleep/bloop-shared_2.12/1.5.9-sc-1/bloop-shared_2.12-1.5.9-sc-1.pom
2023.09.01 10:05:57 INFO  Scala CLI: Downloading https://repo1.maven.org/maven2/org/scala-lang/modules/scala-collection-compat_2.12/2.10.0/scala-collection-compat_2.12-2.10.0.pom
2023.09.01 10:05:57 INFO  Scala CLI: Downloading https://repo1.maven.org/maven2/org/scala-lang/scala-reflect/2.12.18/scala-reflect-2.12.18.pom
2023.09.01 10:05:57 INFO  Scala CLI: Downloading https://repo1.maven.org/maven2/io/zipkin/reporter2/zipkin-sender-urlconnection/2.16.4/zipkin-sender-urlconnection-2.16.4.pom
2023.09.01 10:05:57 INFO  Scala CLI: Downloaded https://repo1.maven.org/maven2/org/scala-lang/modules/scala-collection-compat_2.12/2.10.0/scala-collection-compat_2.12-2.10.0.pom
2023.09.01 10:05:57 INFO  Scala CLI: Downloaded https://repo1.maven.org/maven2/io/github/alexarchambault/bleep/bloop-shared_2.12/1.5.9-sc-1/bloop-shared_2.12-1.5.9-sc-1.pom
2023.09.01 10:05:57 INFO  Scala CLI: Downloaded https://repo1.maven.org/maven2/ch/epfl/scala/com-microsoft-java-debug-core/0.34.0+19/com-microsoft-java-debug-core-0.34.0+19.pom
2023.09.01 10:05:57 INFO  Scala CLI: Downloading https://repo1.maven.org/maven2/io/zipkin/brave/brave/5.16.0/brave-5.16.0.pom
2023.09.01 10:05:58 INFO  Scala CLI: Downloaded https://repo1.maven.org/maven2/io/zipkin/brave/brave/5.16.0/brave-5.16.0.pom
2023.09.01 10:05:58 INFO  Scala CLI: Downloaded https://repo1.maven.org/maven2/org/scala-sbt/librarymanagement-ivy_2.12/1.9.1/librarymanagement-ivy_2.12-1.9.1.pom
2023.09.01 10:05:58 INFO  Scala CLI: Downloaded https://repo1.maven.org/maven2/io/zipkin/reporter2/zipkin-sender-urlconnection/2.16.4/zipkin-sender-urlconnection-2.16.4.pom
2023.09.01 10:05:58 INFO  Scala CLI: Downloaded https://repo1.maven.org/maven2/org/scala-lang/scala-reflect/2.12.18/scala-reflect-2.12.18.pom
2023.09.01 10:05:58 INFO  Scala CLI: Downloading https://repo1.maven.org/maven2/io/zipkin/brave/brave-parent/5.16.0/brave-parent-5.16.0.pom
2023.09.01 10:05:58 INFO  Scala CLI: Downloading https://repo1.maven.org/maven2/io/zipkin/reporter2/zipkin-reporter-parent/2.16.4/zipkin-reporter-parent-2.16.4.pom
2023.09.01 10:05:58 INFO  Scala CLI: Downloaded https://repo1.maven.org/maven2/io/zipkin/reporter2/zipkin-reporter-parent/2.16.4/zipkin-reporter-parent-2.16.4.pom
2023.09.01 10:05:58 INFO  Scala CLI: Downloaded https://repo1.maven.org/maven2/io/zipkin/brave/brave-parent/5.16.0/brave-parent-5.16.0.pom
2023.09.01 10:06:00 INFO  Scala CLI: Downloading https://repo1.maven.org/maven2/org/scala-sbt/librarymanagement-core_2.12/1.9.1/librarymanagement-core_2.12-1.9.1.pom
2023.09.01 10:06:00 INFO  Scala CLI: Downloading https://repo1.maven.org/maven2/org/scala-sbt/test-agent/1.9.2/test-agent-1.9.2.pom
2023.09.01 10:06:00 INFO  Scala CLI: Downloading https://repo1.maven.org/maven2/io/zipkin/reporter2/zipkin-reporter/2.16.4/zipkin-reporter-2.16.4.pom
2023.09.01 10:06:00 INFO  Scala CLI: Downloading https://repo1.maven.org/maven2/org/scala-sbt/zinc_2.12/1.9.2/zinc_2.12-1.9.2.pom
2023.09.01 10:06:00 INFO  Scala CLI: Downloading https://repo1.maven.org/maven2/ch/epfl/scala/bsp4s_2.12/2.1.0-M5/bsp4s_2.12-2.1.0-M5.pom
2023.09.01 10:06:00 INFO  Scala CLI: Downloading https://repo1.maven.org/maven2/commons-io/commons-io/2.12.0/commons-io-2.12.0.pom
2023.09.01 10:06:00 INFO  Scala CLI: Downloaded https://repo1.maven.org/maven2/ch/epfl/scala/bsp4s_2.12/2.1.0-M5/bsp4s_2.12-2.1.0-M5.pom
2023.09.01 10:06:00 INFO  Scala CLI: Downloaded https://repo1.maven.org/maven2/org/scala-sbt/test-agent/1.9.2/test-agent-1.9.2.pom
2023.09.01 10:06:00 INFO  Scala CLI: Downloaded https://repo1.maven.org/maven2/io/zipkin/reporter2/zipkin-reporter/2.16.4/zipkin-reporter-2.16.4.pom
2023.09.01 10:06:00 INFO  Scala CLI: Downloaded https://repo1.maven.org/maven2/org/scala-sbt/zinc_2.12/1.9.2/zinc_2.12-1.9.2.pom
2023.09.01 10:06:00 INFO  Scala CLI: Downloaded https://repo1.maven.org/maven2/org/scala-sbt/librarymanagement-core_2.12/1.9.1/librarymanagement-core_2.12-1.9.1.pom
2023.09.01 10:06:01 INFO  Scala CLI: Downloaded https://repo1.maven.org/maven2/commons-io/commons-io/2.12.0/commons-io-2.12.0.pom
2023.09.01 10:06:01 INFO  Scala CLI: Downloading https://repo1.maven.org/maven2/org/apache/commons/commons-parent/57/commons-parent-57.pom
2023.09.01 10:06:01 INFO  Scala CLI: Downloaded https://repo1.maven.org/maven2/org/apache/commons/commons-parent/57/commons-parent-57.pom
2023.09.01 10:06:02 WARN  no build target for: /Users/lm210306/Documents/SecondYear/FunctionalProgramming/Labsheet_10/Qu1.scala
2023.09.01 10:06:02 INFO  Scala CLI: Downloading https://repo1.maven.org/maven2/org/scala-sbt/util-cache_2.12/1.9.1/util-cache_2.12-1.9.1.pom
2023.09.01 10:06:02 INFO  Scala CLI: Downloading https://repo1.maven.org/maven2/org/scala-sbt/zinc-classfile_2.12/1.9.2/zinc-classfile_2.12-1.9.2.pom
2023.09.01 10:06:02 INFO  Scala CLI: Downloading https://repo1.maven.org/maven2/org/scala-sbt/io_2.12/1.9.1/io_2.12-1.9.1.pom
2023.09.01 10:06:02 INFO  Scala CLI: Downloading https://repo1.maven.org/maven2/org/scala-sbt/zinc-persist_2.12/1.9.2/zinc-persist_2.12-1.9.2.pom
2023.09.01 10:06:02 INFO  Scala CLI: Downloading https://repo1.maven.org/maven2/org/scala-sbt/util-position_2.12/1.9.1/util-position_2.12-1.9.1.pom
2023.09.01 10:06:02 INFO  Scala CLI: Downloading https://repo1.maven.org/maven2/org/scala-sbt/util-logging_2.12/1.9.1/util-logging_2.12-1.9.1.pom
2023.09.01 10:06:02 INFO  Scala CLI: Downloaded https://repo1.maven.org/maven2/org/scala-sbt/zinc-persist_2.12/1.9.2/zinc-persist_2.12-1.9.2.pom
2023.09.01 10:06:02 INFO  Scala CLI: Downloaded https://repo1.maven.org/maven2/org/scala-sbt/util-logging_2.12/1.9.1/util-logging_2.12-1.9.1.pom
2023.09.01 10:06:02 INFO  Scala CLI: Downloaded https://repo1.maven.org/maven2/org/scala-sbt/util-position_2.12/1.9.1/util-position_2.12-1.9.1.pom
2023.09.01 10:06:02 INFO  Scala CLI: Downloaded https://repo1.maven.org/maven2/org/scala-sbt/zinc-classfile_2.12/1.9.2/zinc-classfile_2.12-1.9.2.pom
2023.09.01 10:06:02 INFO  Scala CLI: Downloaded https://repo1.maven.org/maven2/org/scala-sbt/io_2.12/1.9.1/io_2.12-1.9.1.pom
2023.09.01 10:06:02 INFO  Scala CLI: Downloading https://repo1.maven.org/maven2/org/scala-sbt/zinc-core_2.12/1.9.2/zinc-core_2.12-1.9.2.pom
2023.09.01 10:06:02 INFO  Scala CLI: Downloading https://repo1.maven.org/maven2/org/scala-sbt/zinc-compile-core_2.12/1.9.2/zinc-compile-core_2.12-1.9.2.pom
2023.09.01 10:06:02 INFO  Scala CLI: Downloading https://repo1.maven.org/maven2/org/scala-lang/scala-compiler/2.12.18/scala-compiler-2.12.18.pom
2023.09.01 10:06:02 INFO  Scala CLI: Downloaded https://repo1.maven.org/maven2/org/scala-sbt/zinc-core_2.12/1.9.2/zinc-core_2.12-1.9.2.pom
2023.09.01 10:06:02 INFO  Scala CLI: Downloaded https://repo1.maven.org/maven2/org/scala-sbt/zinc-compile-core_2.12/1.9.2/zinc-compile-core_2.12-1.9.2.pom
2023.09.01 10:06:02 INFO  Scala CLI: Downloaded https://repo1.maven.org/maven2/org/scala-lang/scala-compiler/2.12.18/scala-compiler-2.12.18.pom
2023.09.01 10:06:03 INFO  Scala CLI: Downloaded https://repo1.maven.org/maven2/org/scala-sbt/util-cache_2.12/1.9.1/util-cache_2.12-1.9.1.pom
2023.09.01 10:06:03 INFO  Scala CLI: Downloading https://repo1.maven.org/maven2/org/scala-sbt/core-macros_2.12/1.9.1/core-macros_2.12-1.9.1.pom
2023.09.01 10:06:03 INFO  Scala CLI: Downloading https://repo1.maven.org/maven2/org/scala-sbt/zinc-apiinfo_2.12/1.9.2/zinc-apiinfo_2.12-1.9.2.pom
2023.09.01 10:06:03 INFO  Scala CLI: Downloading https://repo1.maven.org/maven2/org/scala-sbt/zinc-classpath_2.12/1.9.2/zinc-classpath_2.12-1.9.2.pom
2023.09.01 10:06:03 INFO  Scala CLI: Downloading https://repo1.maven.org/maven2/org/scala-sbt/zinc-persist-core-assembly/1.9.2/zinc-persist-core-assembly-1.9.2.pom
2023.09.01 10:06:03 INFO  Scala CLI: Downloading https://repo1.maven.org/maven2/org/scala-sbt/util-relation_2.12/1.9.1/util-relation_2.12-1.9.1.pom
2023.09.01 10:06:03 INFO  Scala CLI: Downloading https://repo1.maven.org/maven2/org/scala-sbt/collections_2.12/1.9.1/collections_2.12-1.9.1.pom
2023.09.01 10:06:03 INFO  Scala CLI: Downloaded https://repo1.maven.org/maven2/org/scala-sbt/core-macros_2.12/1.9.1/core-macros_2.12-1.9.1.pom
2023.09.01 10:06:03 INFO  Scala CLI: Downloaded https://repo1.maven.org/maven2/org/scala-sbt/zinc-persist-core-assembly/1.9.2/zinc-persist-core-assembly-1.9.2.pom
2023.09.01 10:06:03 INFO  Scala CLI: Downloaded https://repo1.maven.org/maven2/org/scala-sbt/util-relation_2.12/1.9.1/util-relation_2.12-1.9.1.pom
2023.09.01 10:06:03 INFO  Scala CLI: Downloaded https://repo1.maven.org/maven2/org/scala-sbt/zinc-apiinfo_2.12/1.9.2/zinc-apiinfo_2.12-1.9.2.pom
2023.09.01 10:06:03 INFO  Scala CLI: Downloaded https://repo1.maven.org/maven2/org/scala-sbt/zinc-classpath_2.12/1.9.2/zinc-classpath_2.12-1.9.2.pom
2023.09.01 10:06:03 INFO  Scala CLI: Downloading https://repo1.maven.org/maven2/org/scala-sbt/compiler-interface/1.9.2/compiler-interface-1.9.2.pom
2023.09.01 10:06:03 INFO  Scala CLI: Downloading https://repo1.maven.org/maven2/org/scala-sbt/util-control_2.12/1.9.1/util-control_2.12-1.9.1.pom
2023.09.01 10:06:03 INFO  Scala CLI: Downloading https://repo1.maven.org/maven2/org/scala-sbt/util-interface/1.9.1/util-interface-1.9.1.pom
2023.09.01 10:06:03 INFO  Scala CLI: Downloaded https://repo1.maven.org/maven2/org/scala-sbt/compiler-interface/1.9.2/compiler-interface-1.9.2.pom
2023.09.01 10:06:03 INFO  Scala CLI: Downloaded https://repo1.maven.org/maven2/org/scala-sbt/util-control_2.12/1.9.1/util-control_2.12-1.9.1.pom
2023.09.01 10:06:03 INFO  Scala CLI: Downloaded https://repo1.maven.org/maven2/org/scala-sbt/util-interface/1.9.1/util-interface-1.9.1.pom
2023.09.01 10:06:04 INFO  Scala CLI: Downloaded https://repo1.maven.org/maven2/org/scala-sbt/collections_2.12/1.9.1/collections_2.12-1.9.1.pom
2023.09.01 10:06:04 INFO  Scala CLI: Downloading https://repo1.maven.org/maven2/org/scala-sbt/compiler-bridge_2.12/1.9.2/compiler-bridge_2.12-1.9.2.pom
2023.09.01 10:06:04 INFO  Scala CLI: Downloaded https://repo1.maven.org/maven2/org/scala-sbt/compiler-bridge_2.12/1.9.2/compiler-bridge_2.12-1.9.2.pom
2023.09.01 10:06:04 INFO  Scala CLI: Downloading https://repo1.maven.org/maven2/org/scala-sbt/zinc-classfile_2.12/1.9.2/zinc-classfile_2.12-1.9.2.jar
2023.09.01 10:06:04 INFO  Scala CLI: Downloading https://repo1.maven.org/maven2/org/scala-sbt/zinc-apiinfo_2.12/1.9.2/zinc-apiinfo_2.12-1.9.2.jar
2023.09.01 10:06:04 INFO  Scala CLI: Downloading https://repo1.maven.org/maven2/org/scala-sbt/util-cache_2.12/1.9.1/util-cache_2.12-1.9.1.jar
2023.09.01 10:06:04 INFO  Scala CLI: Downloading https://repo1.maven.org/maven2/org/scala-sbt/zinc_2.12/1.9.2/zinc_2.12-1.9.2.jar
2023.09.01 10:06:04 INFO  Scala CLI: Downloading https://repo1.maven.org/maven2/org/scala-sbt/compiler-bridge_2.12/1.9.2/compiler-bridge_2.12-1.9.2.jar
2023.09.01 10:06:04 INFO  Scala CLI: Downloading https://repo1.maven.org/maven2/io/zipkin/reporter2/zipkin-sender-urlconnection/2.16.4/zipkin-sender-urlconnection-2.16.4.jar
2023.09.01 10:06:06 INFO  Scala CLI: Downloaded https://repo1.maven.org/maven2/org/scala-sbt/zinc_2.12/1.9.2/zinc_2.12-1.9.2.jar
2023.09.01 10:06:06 INFO  Scala CLI: Downloading https://repo1.maven.org/maven2/commons-io/commons-io/2.12.0/commons-io-2.12.0.jar
2023.09.01 10:06:06 INFO  Scala CLI: Downloaded https://repo1.maven.org/maven2/org/scala-sbt/util-cache_2.12/1.9.1/util-cache_2.12-1.9.1.jar
2023.09.01 10:06:06 INFO  Scala CLI: Downloading https://repo1.maven.org/maven2/org/scala-sbt/compiler-interface/1.9.2/compiler-interface-1.9.2.jar
2023.09.01 10:06:06 INFO  Scala CLI: Downloaded https://repo1.maven.org/maven2/org/scala-sbt/zinc-apiinfo_2.12/1.9.2/zinc-apiinfo_2.12-1.9.2.jar
2023.09.01 10:06:06 INFO  Scala CLI: Downloading https://repo1.maven.org/maven2/org/scala-sbt/zinc-persist-core-assembly/1.9.2/zinc-persist-core-assembly-1.9.2.jar
2023.09.01 10:06:06 INFO  Scala CLI: Downloaded https://repo1.maven.org/maven2/org/scala-sbt/zinc-classfile_2.12/1.9.2/zinc-classfile_2.12-1.9.2.jar
2023.09.01 10:06:06 INFO  Scala CLI: Downloading https://repo1.maven.org/maven2/org/scala-sbt/librarymanagement-core_2.12/1.9.1/librarymanagement-core_2.12-1.9.1.jar
2023.09.01 10:06:06 INFO  Scala CLI: Downloaded https://repo1.maven.org/maven2/io/zipkin/reporter2/zipkin-sender-urlconnection/2.16.4/zipkin-sender-urlconnection-2.16.4.jar
2023.09.01 10:06:06 INFO  Scala CLI: Downloading https://repo1.maven.org/maven2/org/scala-sbt/util-position_2.12/1.9.1/util-position_2.12-1.9.1.jar
2023.09.01 10:06:06 INFO  Scala CLI: Downloaded https://repo1.maven.org/maven2/org/scala-sbt/compiler-interface/1.9.2/compiler-interface-1.9.2.jar
2023.09.01 10:06:06 INFO  Scala CLI: Downloading https://repo1.maven.org/maven2/org/scala-sbt/util-relation_2.12/1.9.1/util-relation_2.12-1.9.1.jar
2023.09.01 10:06:06 INFO  Scala CLI: Downloaded https://repo1.maven.org/maven2/org/scala-sbt/compiler-bridge_2.12/1.9.2/compiler-bridge_2.12-1.9.2.jar
2023.09.01 10:06:06 INFO  Scala CLI: Downloading https://repo1.maven.org/maven2/org/scala-sbt/zinc-compile-core_2.12/1.9.2/zinc-compile-core_2.12-1.9.2.jar
2023.09.01 10:06:06 INFO  Scala CLI: Downloaded https://repo1.maven.org/maven2/org/scala-sbt/util-relation_2.12/1.9.1/util-relation_2.12-1.9.1.jar
2023.09.01 10:06:06 INFO  Scala CLI: Downloading https://repo1.maven.org/maven2/io/zipkin/reporter2/zipkin-reporter/2.16.4/zipkin-reporter-2.16.4.jar
2023.09.01 10:06:06 INFO  Scala CLI: Downloaded https://repo1.maven.org/maven2/org/scala-sbt/util-position_2.12/1.9.1/util-position_2.12-1.9.1.jar
2023.09.01 10:06:06 INFO  Scala CLI: Downloading https://repo1.maven.org/maven2/io/github/alexarchambault/bleep/bloop-shared_2.12/1.5.9-sc-1/bloop-shared_2.12-1.5.9-sc-1.jar
2023.09.01 10:06:06 INFO  Scala CLI: Downloaded https://repo1.maven.org/maven2/commons-io/commons-io/2.12.0/commons-io-2.12.0.jar
2023.09.01 10:06:06 INFO  Scala CLI: Downloading https://repo1.maven.org/maven2/org/scala-sbt/util-logging_2.12/1.9.1/util-logging_2.12-1.9.1.jar
2023.09.01 10:06:06 INFO  Scala CLI: Downloaded https://repo1.maven.org/maven2/org/scala-sbt/zinc-compile-core_2.12/1.9.2/zinc-compile-core_2.12-1.9.2.jar
2023.09.01 10:06:06 INFO  Scala CLI: Downloading https://repo1.maven.org/maven2/org/scala-lang/scala-compiler/2.12.18/scala-compiler-2.12.18.jar
2023.09.01 10:06:06 INFO  Scala CLI: Downloaded https://repo1.maven.org/maven2/io/zipkin/reporter2/zipkin-reporter/2.16.4/zipkin-reporter-2.16.4.jar
2023.09.01 10:06:06 INFO  Scala CLI: Downloading https://repo1.maven.org/maven2/org/scala-sbt/librarymanagement-ivy_2.12/1.9.1/librarymanagement-ivy_2.12-1.9.1.jar
2023.09.01 10:06:07 INFO  Scala CLI: Downloaded https://repo1.maven.org/maven2/org/scala-sbt/librarymanagement-core_2.12/1.9.1/librarymanagement-core_2.12-1.9.1.jar
2023.09.01 10:06:07 INFO  Scala CLI: Downloading https://repo1.maven.org/maven2/org/scala-sbt/zinc-core_2.12/1.9.2/zinc-core_2.12-1.9.2.jar
2023.09.01 10:06:07 INFO  Scala CLI: Downloaded https://repo1.maven.org/maven2/io/github/alexarchambault/bleep/bloop-shared_2.12/1.5.9-sc-1/bloop-shared_2.12-1.5.9-sc-1.jar
2023.09.01 10:06:07 INFO  Scala CLI: Downloading https://repo1.maven.org/maven2/org/scala-sbt/zinc-classpath_2.12/1.9.2/zinc-classpath_2.12-1.9.2.jar
2023.09.01 10:06:07 INFO  Scala CLI: Downloaded https://repo1.maven.org/maven2/org/scala-sbt/util-logging_2.12/1.9.1/util-logging_2.12-1.9.1.jar
2023.09.01 10:06:07 INFO  Scala CLI: Downloading https://repo1.maven.org/maven2/ch/epfl/scala/scala-debug-adapter_2.12/3.1.3/scala-debug-adapter_2.12-3.1.3.jar
2023.09.01 10:06:07 WARN  no build target for: /Users/lm210306/Documents/SecondYear/FunctionalProgramming/Labsheet_10/Qu2.scala
2023.09.01 10:06:07 INFO  Scala CLI: Downloaded https://repo1.maven.org/maven2/org/scala-sbt/zinc-classpath_2.12/1.9.2/zinc-classpath_2.12-1.9.2.jar
2023.09.01 10:06:07 INFO  Scala CLI: Downloading https://repo1.maven.org/maven2/org/scala-sbt/zinc-persist_2.12/1.9.2/zinc-persist_2.12-1.9.2.jar
2023.09.01 10:06:07 INFO  Scala CLI: Downloaded https://repo1.maven.org/maven2/org/scala-sbt/librarymanagement-ivy_2.12/1.9.1/librarymanagement-ivy_2.12-1.9.1.jar
2023.09.01 10:06:07 INFO  Scala CLI: Downloading https://repo1.maven.org/maven2/io/github/alexarchambault/bleep/bloop-frontend_2.12/1.5.9-sc-1/bloop-frontend_2.12-1.5.9-sc-1.jar
2023.09.01 10:06:07 INFO  Scala CLI: Downloaded https://repo1.maven.org/maven2/org/scala-sbt/zinc-core_2.12/1.9.2/zinc-core_2.12-1.9.2.jar
2023.09.01 10:06:07 INFO  Scala CLI: Downloading https://repo1.maven.org/maven2/org/scala-lang/scala-reflect/2.12.18/scala-reflect-2.12.18.jar
2023.09.01 10:06:07 INFO  Scala CLI: Downloaded https://repo1.maven.org/maven2/ch/epfl/scala/scala-debug-adapter_2.12/3.1.3/scala-debug-adapter_2.12-3.1.3.jar
2023.09.01 10:06:07 INFO  Scala CLI: Downloading https://repo1.maven.org/maven2/ch/epfl/scala/bsp4s_2.12/2.1.0-M5/bsp4s_2.12-2.1.0-M5.jar
2023.09.01 10:06:07 INFO  Scala CLI: Downloaded https://repo1.maven.org/maven2/org/scala-sbt/zinc-persist_2.12/1.9.2/zinc-persist_2.12-1.9.2.jar
2023.09.01 10:06:07 INFO  Scala CLI: Downloading https://repo1.maven.org/maven2/org/scala-sbt/test-agent/1.9.2/test-agent-1.9.2.jar
2023.09.01 10:06:08 INFO  Scala CLI: Downloaded https://repo1.maven.org/maven2/org/scala-sbt/test-agent/1.9.2/test-agent-1.9.2.jar
2023.09.01 10:06:08 INFO  Scala CLI: Downloading https://repo1.maven.org/maven2/io/zipkin/brave/brave/5.16.0/brave-5.16.0.jar
2023.09.01 10:06:08 INFO  Scala CLI: Downloaded https://repo1.maven.org/maven2/org/scala-sbt/zinc-persist-core-assembly/1.9.2/zinc-persist-core-assembly-1.9.2.jar
2023.09.01 10:06:08 INFO  Scala CLI: Downloading https://repo1.maven.org/maven2/org/scala-lang/scala-library/2.12.18/scala-library-2.12.18.jar
2023.09.01 10:06:08 INFO  Scala CLI: Downloaded https://repo1.maven.org/maven2/io/zipkin/brave/brave/5.16.0/brave-5.16.0.jar
2023.09.01 10:06:08 INFO  Scala CLI: Downloading https://repo1.maven.org/maven2/org/scala-sbt/core-macros_2.12/1.9.1/core-macros_2.12-1.9.1.jar
2023.09.01 10:06:08 INFO  Scala CLI: Downloaded https://repo1.maven.org/maven2/ch/epfl/scala/bsp4s_2.12/2.1.0-M5/bsp4s_2.12-2.1.0-M5.jar
2023.09.01 10:06:08 INFO  Scala CLI: Downloading https://repo1.maven.org/maven2/io/github/alexarchambault/bleep/bloop-backend_2.12/1.5.9-sc-1/bloop-backend_2.12-1.5.9-sc-1.jar
2023.09.01 10:06:08 INFO  Scala CLI: Downloaded https://repo1.maven.org/maven2/org/scala-sbt/core-macros_2.12/1.9.1/core-macros_2.12-1.9.1.jar
2023.09.01 10:06:08 INFO  Scala CLI: Downloading https://repo1.maven.org/maven2/org/scala-lang/modules/scala-collection-compat_2.12/2.10.0/scala-collection-compat_2.12-2.10.0.jar
2023.09.01 10:06:08 INFO  Scala CLI: Downloaded https://repo1.maven.org/maven2/io/github/alexarchambault/bleep/bloop-frontend_2.12/1.5.9-sc-1/bloop-frontend_2.12-1.5.9-sc-1.jar
2023.09.01 10:06:08 INFO  Scala CLI: Downloading https://repo1.maven.org/maven2/org/scala-sbt/io_2.12/1.9.1/io_2.12-1.9.1.jar
2023.09.01 10:06:09 INFO  Scala CLI: Downloaded https://repo1.maven.org/maven2/org/scala-lang/modules/scala-collection-compat_2.12/2.10.0/scala-collection-compat_2.12-2.10.0.jar
2023.09.01 10:06:09 INFO  Scala CLI: Downloading https://repo1.maven.org/maven2/org/scala-sbt/util-interface/1.9.1/util-interface-1.9.1.jar
2023.09.01 10:06:09 INFO  Scala CLI: Downloaded https://repo1.maven.org/maven2/io/github/alexarchambault/bleep/bloop-backend_2.12/1.5.9-sc-1/bloop-backend_2.12-1.5.9-sc-1.jar
2023.09.01 10:06:09 INFO  Scala CLI: Downloading https://repo1.maven.org/maven2/org/scala-sbt/collections_2.12/1.9.1/collections_2.12-1.9.1.jar
2023.09.01 10:06:09 INFO  Scala CLI: Downloaded https://repo1.maven.org/maven2/org/scala-sbt/io_2.12/1.9.1/io_2.12-1.9.1.jar
2023.09.01 10:06:09 INFO  Scala CLI: Downloading https://repo1.maven.org/maven2/org/scala-sbt/util-control_2.12/1.9.1/util-control_2.12-1.9.1.jar
2023.09.01 10:06:09 INFO  Scala CLI: Downloaded https://repo1.maven.org/maven2/org/scala-sbt/util-interface/1.9.1/util-interface-1.9.1.jar
2023.09.01 10:06:09 INFO  Scala CLI: Downloading https://repo1.maven.org/maven2/ch/epfl/scala/com-microsoft-java-debug-core/0.34.0+19/com-microsoft-java-debug-core-0.34.0+19.jar
2023.09.01 10:06:09 INFO  Scala CLI: Downloaded https://repo1.maven.org/maven2/org/scala-sbt/util-control_2.12/1.9.1/util-control_2.12-1.9.1.jar
2023.09.01 10:06:09 INFO  Scala CLI: Downloaded https://repo1.maven.org/maven2/org/scala-sbt/collections_2.12/1.9.1/collections_2.12-1.9.1.jar
2023.09.01 10:06:09 INFO  Scala CLI: Downloaded https://repo1.maven.org/maven2/ch/epfl/scala/com-microsoft-java-debug-core/0.34.0+19/com-microsoft-java-debug-core-0.34.0+19.jar
2023.09.01 10:06:11 ERROR Timeout waiting for 'build/initialize' response
2023.09.01 10:06:11 WARN  Retrying connection to the build server Scala CLI
2023.09.01 10:06:11 INFO  Running List(/Users/lm210306/.jabba/jdk/openjdk@1.17.0/Contents/Home/bin/java, -cp, /Users/lm210306/Library/Caches/Coursier/v1/https/repo1.maven.org/maven2/org/virtuslab/scala-cli/cli_3/1.0.4/cli_3-1.0.4.jar:/Users/lm210306/Library/Caches/Coursier/v1/https/repo1.maven.org/maven2/com/github/alexarchambault/case-app_3/2.1.0-M25/case-app_3-2.1.0-M25.jar:/Users/lm210306/Library/Caches/Coursier/v1/https/repo1.maven.org/maven2/io/get-coursier/coursier-launcher_2.13/2.1.5/coursier-launcher_2.13-2.1.5.jar:/Users/lm210306/Library/Caches/Coursier/v1/https/repo1.maven.org/maven2/io/get-coursier/coursier-proxy-setup/2.1.5/coursier-proxy-setup-2.1.5.jar:/Users/lm210306/Library/Caches/Coursier/v1/https/repo1.maven.org/maven2/io/get-coursier/publish/publish_2.13/0.1.4/publish_2.13-0.1.4.jar:/Users/lm210306/Library/Caches/Coursier/v1/https/repo1.maven.org/maven2/com/google/jimfs/jimfs/1.3.0/jimfs-1.3.0.jar:/Users/lm210306/Library/Caches/Coursier/v1/https/repo1.maven.org/maven2/io/get-coursier/jniutils/windows-jni-utils/0.3.3/windows-jni-utils-0.3.3.jar:/Users/lm210306/Library/Caches/Coursier/v1/https/repo1.maven.org/maven2/com/github/plokhotnyuk/jsoniter-scala/jsoniter-scala-core_3/2.13.5.2/jsoniter-scala-core_3-2.13.5.2.jar:/Users/lm210306/Library/Caches/Coursier/v1/https/repo1.maven.org/maven2/org/virtuslab/scala-cli/libsodiumjni/0.0.3/libsodiumjni-0.0.3.jar:/Users/lm210306/Library/Caches/Coursier/v1/https/repo1.maven.org/maven2/com/geirsson/metaconfig-typesafe-config_3/0.11.1/metaconfig-typesafe-config_3-0.11.1.jar:/Users/lm210306/Library/Caches/Coursier/v1/https/repo1.maven.org/maven2/ai/kien/python-native-libs_3/0.2.4/python-native-libs_3-0.2.4.jar:/Users/lm210306/Library/Caches/Coursier/v1/https/repo1.maven.org/maven2/org/virtuslab/scala-packager_2.13/0.1.29/scala-packager_2.13-0.1.29.jar:/Users/lm210306/Library/Caches/Coursier/v1/https/repo1.maven.org/maven2/org/virtuslab/scala-cli-signing/cli_3/0.2.2/cli_3-0.2.2.jar:/Users/lm210306/Library/Caches/Coursier/v1/https/repo1.maven.org/maven2/org/slf4j/slf4j-nop/2.0.7/slf4j-nop-2.0.7.jar:/Users/lm210306/Library/Caches/Coursier/v1/https/repo1.maven.org/maven2/com/softwaremill/sttp/client3/core_2.13/3.8.16/core_2.13-3.8.16.jar:/Users/lm210306/Library/Caches/Coursier/v1/https/repo1.maven.org/maven2/org/scala-lang/scala3-library_3/3.3.0/scala3-library_3-3.3.0.jar:/Users/lm210306/Library/Caches/Coursier/v1/https/repo1.maven.org/maven2/org/virtuslab/scala-cli/build-module_3/1.0.4/build-module_3-1.0.4.jar:/Users/lm210306/Library/Caches/Coursier/v1/https/repo1.maven.org/maven2/org/virtuslab/scala-cli/config_3/1.0.4/config_3-1.0.4.jar:/Users/lm210306/Library/Caches/Coursier/v1/https/repo1.maven.org/maven2/org/virtuslab/scala-cli/scala3-graal_3/1.0.4/scala3-graal_3-1.0.4.jar:/Users/lm210306/Library/Caches/Coursier/v1/https/repo1.maven.org/maven2/org/virtuslab/scala-cli/specification-level_3/1.0.4/specification-level_3-1.0.4.jar:/Users/lm210306/Library/Caches/Coursier/v1/https/repo1.maven.org/maven2/com/github/alexarchambault/case-app-annotations_3/2.1.0-M25/case-app-annotations_3-2.1.0-M25.jar:/Users/lm210306/Library/Caches/Coursier/v1/https/repo1.maven.org/maven2/com/github/alexarchambault/case-app-util_3/2.1.0-M25/case-app-util_3-2.1.0-M25.jar:/Users/lm210306/Library/Caches/Coursier/v1/https/repo1.maven.org/maven2/com/lihaoyi/sourcecode_3/0.3.0/sourcecode_3-0.3.0.jar:/Users/lm210306/Library/Caches/Coursier/v1/https/repo1.maven.org/maven2/org/scala-lang/modules/scala-collection-compat_2.13/2.11.0/scala-collection-compat_2.13-2.11.0.jar:/Users/lm210306/Library/Caches/Coursier/v1/https/repo1.maven.org/maven2/io/github/alexarchambault/scala-cli/tmp/zip-input-stream/0.1.1/zip-input-stream-0.1.1.jar:/Users/lm210306/Library/Caches/Coursier/v1/https/repo1.maven.org/maven2/ai/kien/python-native-libs_2.13/0.2.4/python-native-libs_2.13-0.2.4.jar:/Users/lm210306/Library/Caches/Coursier/v1/https/repo1.maven.org/maven2/org/scala-lang/scala-library/2.13.11/scala-library-2.13.11.jar:/Users/lm210306/Library/Caches/Coursier/v1/https/repo1.maven.org/maven2/io/get-coursier/coursier-cache_2.13/2.1.5/coursier-cache_2.13-2.1.5.jar:/Users/lm210306/Library/Caches/Coursier/v1/https/repo1.maven.org/maven2/io/get-coursier/coursier-core_2.13/2.1.5/coursier-core_2.13-2.1.5.jar:/Users/lm210306/Library/Caches/Coursier/v1/https/repo1.maven.org/maven2/com/github/plokhotnyuk/jsoniter-scala/jsoniter-scala-core_2.13/2.13.15/jsoniter-scala-core_2.13-2.13.15.jar:/Users/lm210306/Library/Caches/Coursier/v1/https/repo1.maven.org/maven2/com/google/guava/guava/32.1.2-jre/guava-32.1.2-jre.jar:/Users/lm210306/Library/Caches/Coursier/v1/https/repo1.maven.org/maven2/net/java/dev/jna/jna/5.12.1/jna-5.12.1.jar:/Users/lm210306/Library/Caches/Coursier/v1/https/repo1.maven.org/maven2/net/java/dev/jna/jna-platform/5.12.1/jna-platform-5.12.1.jar:/Users/lm210306/Library/Caches/Coursier/v1/https/repo1.maven.org/maven2/com/geirsson/metaconfig-core_3/0.11.1/metaconfig-core_3-0.11.1.jar:/Users/lm210306/Library/Caches/Coursier/v1/https/repo1.maven.org/maven2/com/typesafe/config/1.4.1/config-1.4.1.jar:/Users/lm210306/Library/Caches/Coursier/v1/https/repo1.maven.org/maven2/org/scala-lang/modules/scala-collection-compat_3/2.11.0/scala-collection-compat_3-2.11.0.jar:/Users/lm210306/Library/Caches/Coursier/v1/https/repo1.maven.org/maven2/commons-io/commons-io/2.11.0/commons-io-2.11.0.jar:/Users/lm210306/Library/Caches/Coursier/v1/https/repo1.maven.org/maven2/com/google/cloud/tools/jib-core/0.22.0/jib-core-0.22.0.jar:/Users/lm210306/Library/Caches/Coursier/v1/https/repo1.maven.org/maven2/com/lihaoyi/os-lib_2.13/0.8.1/os-lib_2.13-0.8.1.jar:/Users/lm210306/Library/Caches/Coursier/v1/https/repo1.maven.org/maven2/org/bouncycastle/bcpg-jdk18on/1.73/bcpg-jdk18on-1.73.jar:/Users/lm210306/Library/Caches/Coursier/v1/https/repo1.maven.org/maven2/org/virtuslab/scala-cli-signing/shared_3/0.2.2/shared_3-0.2.2.jar:/Users/lm210306/Library/Caches/Coursier/v1/https/repo1.maven.org/maven2/org/slf4j/slf4j-api/2.0.7/slf4j-api-2.0.7.jar:/Users/lm210306/Library/Caches/Coursier/v1/https/repo1.maven.org/maven2/com/softwaremill/sttp/model/core_2.13/1.5.5/core_2.13-1.5.5.jar:/Users/lm210306/Library/Caches/Coursier/v1/https/repo1.maven.org/maven2/com/softwaremill/sttp/shared/core_2.13/1.3.13/core_2.13-1.3.13.jar:/Users/lm210306/Library/Caches/Coursier/v1/https/repo1.maven.org/maven2/com/softwaremill/sttp/shared/ws_2.13/1.3.13/ws_2.13-1.3.13.jar:/Users/lm210306/Library/Caches/Coursier/v1/https/repo1.maven.org/maven2/org/ow2/asm/asm/9.5/asm-9.5.jar:/Users/lm210306/Library/Caches/Coursier/v1/https/repo1.maven.org/maven2/io/github/alexarchambault/scala-cli/java-class-name_3/0.1.0/java-class-name_3-0.1.0.jar:/Users/lm210306/Library/Caches/Coursier/v1/https/repo1.maven.org/maven2/org/scalameta/trees_2.13/4.8.7/trees_2.13-4.8.7.jar:/Users/lm210306/Library/Caches/Coursier/v1/https/repo1.maven.org/maven2/org/scala-native/test-runner_3/0.4.14/test-runner_3-0.4.14.jar:/Users/lm210306/Library/Caches/Coursier/v1/https/repo1.maven.org/maven2/com/lihaoyi/os-lib_3/0.9.1/os-lib_3-0.9.1.jar:/Users/lm210306/Library/Caches/Coursier/v1/https/repo1.maven.org/maven2/com/lihaoyi/pprint_3/0.8.1/pprint_3-0.8.1.jar:/Users/lm210306/Library/Caches/Coursier/v1/https/repo1.maven.org/maven2/org/scala-js/scalajs-env-nodejs_2.13/1.4.0/scalajs-env-nodejs_2.13-1.4.0.jar:/Users/lm210306/Library/Caches/Coursier/v1/https/repo1.maven.org/maven2/org/scala-js/scalajs-sbt-test-adapter_2.13/1.13.2/scalajs-sbt-test-adapter_2.13-1.13.2.jar:/Users/lm210306/Library/Caches/Coursier/v1/https/repo1.maven.org/maven2/com/swoval/file-tree-views/2.1.10/file-tree-views-2.1.10.jar:/Users/lm210306/Library/Caches/Coursier/v1/https/repo1.maven.org/maven2/org/virtuslab/scala-cli/options_3/1.0.4/options_3-1.0.4.jar:/Users/lm210306/Library/Caches/Coursier/v1/https/repo1.maven.org/maven2/org/virtuslab/scala-cli/directives_3/1.0.4/directives_3-1.0.4.jar:/Users/lm210306/Library/Caches/Coursier/v1/https/repo1.maven.org/maven2/org/virtuslab/scala-cli/scala-cli-bsp/1.0.4/scala-cli-bsp-1.0.4.jar:/Users/lm210306/Library/Caches/Coursier/v1/https/repo1.maven.org/maven2/org/virtuslab/scala-cli/test-runner_2.13/1.0.4/test-runner_2.13-1.0.4.jar:/Users/lm210306/Library/Caches/Coursier/v1/https/repo1.maven.org/maven2/org/virtuslab/scala-cli/tasty-lib_3/1.0.4/tasty-lib_3-1.0.4.jar:/Users/lm210306/Library/Caches/Coursier/v1/https/repo1.maven.org/maven2/org/codehaus/plexus/plexus-archiver/4.7.1/plexus-archiver-4.7.1.jar:/Users/lm210306/Library/Caches/Coursier/v1/https/repo1.maven.org/maven2/org/codehaus/plexus/plexus-container-default/2.1.1/plexus-container-default-2.1.1.jar:/Users/lm210306/Library/Caches/Coursier/v1/https/repo1.maven.org/maven2/io/github/alexarchambault/windows-ansi/windows-ansi/0.0.5/windows-ansi-0.0.5.jar:/Users/lm210306/Library/Caches/Coursier/v1/https/repo1.maven.org/maven2/io/get-coursier/coursier-util_2.13/2.1.5/coursier-util_2.13-2.1.5.jar:/Users/lm210306/Library/Caches/Coursier/v1/https/repo1.maven.org/maven2/io/github/alexarchambault/concurrent-reference-hash-map/1.1.0/concurrent-reference-hash-map-1.1.0.jar:/Users/lm210306/Library/Caches/Coursier/v1/https/repo1.maven.org/maven2/org/scala-lang/modules/scala-xml_2.13/2.1.0/scala-xml_2.13-2.1.0.jar:/Users/lm210306/Library/Caches/Coursier/v1/https/repo1.maven.org/maven2/com/google/guava/failureaccess/1.0.1/failureaccess-1.0.1.jar:/Users/lm210306/Library/Caches/Coursier/v1/https/repo1.maven.org/maven2/com/google/guava/listenablefuture/9999.0-empty-to-avoid-conflict-with-guava/listenablefuture-9999.0-empty-to-avoid-conflict-with-guava.jar:/Users/lm210306/Library/Caches/Coursier/v1/https/repo1.maven.org/maven2/com/google/code/findbugs/jsr305/3.0.2/jsr305-3.0.2.jar:/Users/lm210306/Library/Caches/Coursier/v1/https/repo1.maven.org/maven2/org/checkerframework/checker-qual/3.33.0/checker-qual-3.33.0.jar:/Users/lm210306/Library/Caches/Coursier/v1/https/repo1.maven.org/maven2/com/google/errorprone/error_prone_annotations/2.18.0/error_prone_annotations-2.18.0.jar:/Users/lm210306/Library/Caches/Coursier/v1/https/repo1.maven.org/maven2/com/google/j2objc/j2objc-annotations/2.8/j2objc-annotations-2.8.jar:/Users/lm210306/Library/Caches/Coursier/v1/https/repo1.maven.org/maven2/com/geirsson/metaconfig-pprint_3/0.11.1/metaconfig-pprint_3-0.11.1.jar:/Users/lm210306/Library/Caches/Coursier/v1/https/repo1.maven.org/maven2/org/typelevel/paiges-core_3/0.4.2/paiges-core_3-0.4.2.jar:/Users/lm210306/Library/Caches/Coursier/v1/https/repo1.maven.org/maven2/org/scala-lang/scala-reflect/2.13.8/scala-reflect-2.13.8.jar:/Users/lm210306/Library/Caches/Coursier/v1/https/repo1.maven.org/maven2/com/google/cloud/tools/jib-build-plan/0.4.0/jib-build-plan-0.4.0.jar:/Users/lm210306/Library/Caches/Coursier/v1/https/repo1.maven.org/maven2/com/google/http-client/google-http-client/1.34.0/google-http-client-1.34.0.jar:/Users/lm210306/Library/Caches/Coursier/v1/https/repo1.maven.org/maven2/com/google/http-client/google-http-client-apache-v2/1.34.0/google-http-client-apache-v2-1.34.0.jar:/Users/lm210306/Library/Caches/Coursier/v1/https/repo1.maven.org/maven2/com/google/auth/google-auth-library-oauth2-http/0.18.0/google-auth-library-oauth2-http-0.18.0.jar:/Users/lm210306/Library/Caches/Coursier/v1/https/repo1.maven.org/maven2/org/apache/commons/commons-compress/1.23.0/commons-compress-1.23.0.jar:/Users/lm210306/Library/Caches/Coursier/v1/https/repo1.maven.org/maven2/com/fasterxml/jackson/core/jackson-databind/2.13.3/jackson-databind-2.13.3.jar:/Users/lm210306/Library/Caches/Coursier/v1/https/repo1.maven.org/maven2/com/fasterxml/jackson/datatype/jackson-datatype-jsr310/2.13.3/jackson-datatype-jsr310-2.13.3.jar:/Users/lm210306/Library/Caches/Coursier/v1/https/repo1.maven.org/maven2/com/lihaoyi/geny_2.13/0.7.1/geny_2.13-0.7.1.jar:/Users/lm210306/Library/Caches/Coursier/v1/https/repo1.maven.org/maven2/org/bouncycastle/bcprov-jdk18on/1.73/bcprov-jdk18on-1.73.jar:/Users/lm210306/Library/Caches/Coursier/v1/https/repo1.maven.org/maven2/org/scala-lang/scala3-compiler_3/3.1.2/scala3-compiler_3-3.1.2.jar:/Users/lm210306/Library/Caches/Coursier/v1/https/repo1.maven.org/maven2/org/scalameta/common_2.13/4.8.7/common_2.13-4.8.7.jar:/Users/lm210306/Library/Caches/Coursier/v1/https/repo1.maven.org/maven2/org/scala-native/tools_3/0.4.14/tools_3-0.4.14.jar:/Users/lm210306/Library/Caches/Coursier/v1/https/repo1.maven.org/maven2/org/scala-sbt/test-interface/1.0/test-interface-1.0.jar:/Users/lm210306/Library/Caches/Coursier/v1/https/repo1.maven.org/maven2/com/novocode/junit-interface/0.11/junit-interface-0.11.jar:/Users/lm210306/Library/Caches/Coursier/v1/https/repo1.maven.org/maven2/junit/junit/4.13.2/junit-4.13.2.jar:/Users/lm210306/Library/Caches/Coursier/v1/https/repo1.maven.org/maven2/com/lihaoyi/geny_3/1.0.0/geny_3-1.0.0.jar:/Users/lm210306/Library/Caches/Coursier/v1/https/repo1.maven.org/maven2/com/lihaoyi/fansi_3/0.4.0/fansi_3-0.4.0.jar:/Users/lm210306/Library/Caches/Coursier/v1/https/repo1.maven.org/maven2/org/scala-js/scalajs-js-envs_2.13/1.4.0/scalajs-js-envs_2.13-1.4.0.jar:/Users/lm210306/Library/Caches/Coursier/v1/https/repo1.maven.org/maven2/ch/epfl/scala/bloop-config_2.13/1.5.5/bloop-config_2.13-1.5.5.jar:/Users/lm210306/Library/Caches/Coursier/v1/https/repo1.maven.org/maven2/org/virtuslab/scala-cli/core_3/1.0.4/core_3-1.0.4.jar:/Users/lm210306/Library/Caches/Coursier/v1/https/repo1.maven.org/maven2/org/virtuslab/using_directives/1.1.0/using_directives-1.1.0.jar:/Users/lm210306/Library/Caches/Coursier/v1/https/repo1.maven.org/maven2/org/virtuslab/scala-cli/build-macros_3/1.0.4/build-macros_3-1.0.4.jar:/Users/lm210306/Library/Caches/Coursier/v1/https/repo1.maven.org/maven2/ch/epfl/scala/bsp4j/2.1.0-M5/bsp4j-2.1.0-M5.jar:/Users/lm210306/Library/Caches/Coursier/v1/https/repo1.maven.org/maven2/javax/inject/javax.inject/1/javax.inject-1.jar:/Users/lm210306/Library/Caches/Coursier/v1/https/repo1.maven.org/maven2/org/codehaus/plexus/plexus-utils/3.5.1/plexus-utils-3.5.1.jar:/Users/lm210306/Library/Caches/Coursier/v1/https/repo1.maven.org/maven2/org/codehaus/plexus/plexus-io/3.4.1/plexus-io-3.4.1.jar:/Users/lm210306/Library/Caches/Coursier/v1/https/repo1.maven.org/maven2/org/iq80/snappy/snappy/0.4/snappy-0.4.jar:/Users/lm210306/Library/Caches/Coursier/v1/https/repo1.maven.org/maven2/org/tukaani/xz/1.9/xz-1.9.jar:/Users/lm210306/Library/Caches/Coursier/v1/https/repo1.maven.org/maven2/com/github/luben/zstd-jni/1.5.5-2/zstd-jni-1.5.5-2.jar:/Users/lm210306/Library/Caches/Coursier/v1/https/repo1.maven.org/maven2/org/codehaus/plexus/plexus-classworlds/2.6.0/plexus-classworlds-2.6.0.jar:/Users/lm210306/Library/Caches/Coursier/v1/https/repo1.maven.org/maven2/org/apache/xbean/xbean-reflect/3.7/xbean-reflect-3.7.jar:/Users/lm210306/Library/Caches/Coursier/v1/https/repo1.maven.org/maven2/org/fusesource/jansi/jansi/1.18/jansi-1.18.jar:/Users/lm210306/Library/Caches/Coursier/v1/https/repo1.maven.org/maven2/org/apache/httpcomponents/httpclient/4.5.10/httpclient-4.5.10.jar:/Users/lm210306/Library/Caches/Coursier/v1/https/repo1.maven.org/maven2/org/apache/httpcomponents/httpcore/4.4.12/httpcore-4.4.12.jar:/Users/lm210306/Library/Caches/Coursier/v1/https/repo1.maven.org/maven2/io/opencensus/opencensus-api/0.24.0/opencensus-api-0.24.0.jar:/Users/lm210306/Library/Caches/Coursier/v1/https/repo1.maven.org/maven2/io/opencensus/opencensus-contrib-http-util/0.24.0/opencensus-contrib-http-util-0.24.0.jar:/Users/lm210306/Library/Caches/Coursier/v1/https/repo1.maven.org/maven2/com/google/auto/value/auto-value-annotations/1.6.6/auto-value-annotations-1.6.6.jar:/Users/lm210306/Library/Caches/Coursier/v1/https/repo1.maven.org/maven2/com/google/auth/google-auth-library-credentials/0.18.0/google-auth-library-credentials-0.18.0.jar:/Users/lm210306/Library/Caches/Coursier/v1/https/repo1.maven.org/maven2/com/google/http-client/google-http-client-jackson2/1.32.1/google-http-client-jackson2-1.32.1.jar:/Users/lm210306/Library/Caches/Coursier/v1/https/repo1.maven.org/maven2/com/fasterxml/jackson/core/jackson-annotations/2.13.3/jackson-annotations-2.13.3.jar:/Users/lm210306/Library/Caches/Coursier/v1/https/repo1.maven.org/maven2/com/fasterxml/jackson/core/jackson-core/2.13.3/jackson-core-2.13.3.jar:/Users/lm210306/Library/Caches/Coursier/v1/https/repo1.maven.org/maven2/org/scala-lang/scala3-interfaces/3.1.2/scala3-interfaces-3.1.2.jar:/Users/lm210306/Library/Caches/Coursier/v1/https/repo1.maven.org/maven2/org/scala-lang/tasty-core_3/3.1.2/tasty-core_3-3.1.2.jar:/Users/lm210306/Library/Caches/Coursier/v1/https/repo1.maven.org/maven2/org/scala-lang/modules/scala-asm/9.1.0-scala-1/scala-asm-9.1.0-scala-1.jar:/Users/lm210306/Library/Caches/Coursier/v1/https/repo1.maven.org/maven2/org/scala-sbt/compiler-interface/1.3.5/compiler-interface-1.3.5.jar:/Users/lm210306/Library/Caches/Coursier/v1/https/repo1.maven.org/maven2/org/jline/jline-reader/3.19.0/jline-reader-3.19.0.jar:/Users/lm210306/Library/Caches/Coursier/v1/https/repo1.maven.org/maven2/org/jline/jline-terminal/3.19.0/jline-terminal-3.19.0.jar:/Users/lm210306/Library/Caches/Coursier/v1/https/repo1.maven.org/maven2/org/jline/jline-terminal-jna/3.19.0/jline-terminal-jna-3.19.0.jar:/Users/lm210306/Library/Caches/Coursier/v1/https/repo1.maven.org/maven2/com/lihaoyi/sourcecode_2.13/0.3.0/sourcecode_2.13-0.3.0.jar:/Users/lm210306/Library/Caches/Coursier/v1/https/repo1.maven.org/maven2/com/thesamet/scalapb/scalapb-runtime_2.13/0.11.13/scalapb-runtime_2.13-0.11.13.jar:/Users/lm210306/Library/Caches/Coursier/v1/https/repo1.maven.org/maven2/org/scala-native/nir_3/0.4.14/nir_3-0.4.14.jar:/Users/lm210306/Library/Caches/Coursier/v1/https/repo1.maven.org/maven2/org/scala-native/util_3/0.4.14/util_3-0.4.14.jar:/Users/lm210306/Library/Caches/Coursier/v1/https/repo1.maven.org/maven2/org/scala-lang/modules/scala-parallel-collections_3/1.0.3/scala-parallel-collections_3-1.0.3.jar:/Users/lm210306/Library/Caches/Coursier/v1/https/repo1.maven.org/maven2/org/hamcrest/hamcrest-core/1.3/hamcrest-core-1.3.jar:/Users/lm210306/Library/Caches/Coursier/v1/https/repo1.maven.org/maven2/org/scala-js/scalajs-logging_2.13/1.1.1/scalajs-logging_2.13-1.1.1.jar:/Users/lm210306/Library/Caches/Coursier/v1/https/repo1.maven.org/maven2/io/github/alexarchambault/bleep/bloop-rifle_2.13/1.5.9-sc-1/bloop-rifle_2.13-1.5.9-sc-1.jar:/Users/lm210306/Library/Caches/Coursier/v1/https/repo1.maven.org/maven2/io/get-coursier/coursier-jvm_2.13/2.1.5/coursier-jvm_2.13-2.1.5.jar:/Users/lm210306/Library/Caches/Coursier/v1/https/repo1.maven.org/maven2/io/get-coursier/dependency_3/0.2.3/dependency_3-0.2.3.jar:/Users/lm210306/Library/Caches/Coursier/v1/https/repo1.maven.org/maven2/org/eclipse/jgit/org.eclipse.jgit/6.6.0.202305301015-r/org.eclipse.jgit-6.6.0.202305301015-r.jar:/Users/lm210306/Library/Caches/Coursier/v1/https/repo1.maven.org/maven2/org/scala-js/scalajs-env-jsdom-nodejs_2.13/1.1.0/scalajs-env-jsdom-nodejs_2.13-1.1.0.jar:/Users/lm210306/Library/Caches/Coursier/v1/https/repo1.maven.org/maven2/org/eclipse/lsp4j/org.eclipse.lsp4j.generator/0.20.1/org.eclipse.lsp4j.generator-0.20.1.jar:/Users/lm210306/Library/Caches/Coursier/v1/https/repo1.maven.org/maven2/org/eclipse/lsp4j/org.eclipse.lsp4j.jsonrpc/0.20.1/org.eclipse.lsp4j.jsonrpc-0.20.1.jar:/Users/lm210306/Library/Caches/Coursier/v1/https/repo1.maven.org/maven2/commons-logging/commons-logging/1.2/commons-logging-1.2.jar:/Users/lm210306/Library/Caches/Coursier/v1/https/repo1.maven.org/maven2/commons-codec/commons-codec/1.11/commons-codec-1.11.jar:/Users/lm210306/Library/Caches/Coursier/v1/https/repo1.maven.org/maven2/io/grpc/grpc-context/1.22.1/grpc-context-1.22.1.jar:/Users/lm210306/Library/Caches/Coursier/v1/https/repo1.maven.org/maven2/com/google/protobuf/protobuf-java/3.19.6/protobuf-java-3.19.6.jar:/Users/lm210306/Library/Caches/Coursier/v1/https/repo1.maven.org/maven2/org/scala-sbt/util-interface/1.3.0/util-interface-1.3.0.jar:/Users/lm210306/Library/Caches/Coursier/v1/https/repo1.maven.org/maven2/com/thesamet/scalapb/lenses_2.13/0.11.13/lenses_2.13-0.11.13.jar:/Users/lm210306/Library/Caches/Coursier/v1/https/repo1.maven.org/maven2/io/github/alexarchambault/libdaemon/libdaemon_2.13/0.0.11/libdaemon_2.13-0.0.11.jar:/Users/lm210306/Library/Caches/Coursier/v1/https/repo1.maven.org/maven2/io/github/alexarchambault/scala-cli/snailgun/snailgun-core_2.13/0.4.1-sc2/snailgun-core_2.13-0.4.1-sc2.jar:/Users/lm210306/Library/Caches/Coursier/v1/https/repo1.maven.org/maven2/com/github/alexarchambault/argonaut-shapeless_6.3_2.13/1.3.1/argonaut-shapeless_6.3_2.13-1.3.1.jar:/Users/lm210306/Library/Caches/Coursier/v1/https/repo1.maven.org/maven2/io/get-coursier/coursier_2.13/2.1.5/coursier_2.13-2.1.5.jar:/Users/lm210306/Library/Caches/Coursier/v1/https/repo1.maven.org/maven2/io/get-coursier/coursier-env_2.13/2.1.5/coursier-env_2.13-2.1.5.jar:/Users/lm210306/Library/Caches/Coursier/v1/https/repo1.maven.org/maven2/com/googlecode/javaewah/JavaEWAH/1.2.3/JavaEWAH-1.2.3.jar:/Users/lm210306/Library/Caches/Coursier/v1/https/repo1.maven.org/maven2/org/eclipse/xtend/org.eclipse.xtend.lib/2.28.0/org.eclipse.xtend.lib-2.28.0.jar:/Users/lm210306/Library/Caches/Coursier/v1/https/repo1.maven.org/maven2/com/google/code/gson/gson/2.10.1/gson-2.10.1.jar:/Users/lm210306/Library/Caches/Coursier/v1/https/repo1.maven.org/maven2/io/argonaut/argonaut_2.13/6.3.8/argonaut_2.13-6.3.8.jar:/Users/lm210306/Library/Caches/Coursier/v1/https/repo1.maven.org/maven2/com/chuusai/shapeless_2.13/2.3.9/shapeless_2.13-2.3.9.jar:/Users/lm210306/Library/Caches/Coursier/v1/https/repo1.maven.org/maven2/org/eclipse/xtext/org.eclipse.xtext.xbase.lib/2.28.0/org.eclipse.xtext.xbase.lib-2.28.0.jar:/Users/lm210306/Library/Caches/Coursier/v1/https/repo1.maven.org/maven2/org/eclipse/xtend/org.eclipse.xtend.lib.macro/2.28.0/org.eclipse.xtend.lib.macro-2.28.0.jar, scala.cli.ScalaCli, bsp, /Users/lm210306/Documents/SecondYear/FunctionalProgramming/Labsheet_10)
2023.09.01 10:06:11 INFO  tracing is disabled for protocol BSP, to enable tracing of incoming and outgoing JSON messages create an empty file at /Users/lm210306/Documents/SecondYear/FunctionalProgramming/Labsheet_10/.metals/bsp.trace.json or /Users/lm210306/Library/Caches/org.scalameta.metals/bsp.trace.json
2023.09.01 10:06:14 INFO  Scala CLI: Starting compilation server
2023.09.01 10:06:17 INFO  Scala CLI: Downloading https://repo1.maven.org/maven2/org/scala-lang/scala-library/2.12.18/scala-library-2.12.18.jar
2023.09.01 10:06:17 INFO  Scala CLI: Downloading https://repo1.maven.org/maven2/org/scala-lang/scala-reflect/2.12.18/scala-reflect-2.12.18.jar
2023.09.01 10:06:17 INFO  Scala CLI: Downloading https://repo1.maven.org/maven2/org/scala-lang/scala-compiler/2.12.18/scala-compiler-2.12.18.jar
2023.09.01 10:06:19 INFO  Scala CLI: Downloaded https://repo1.maven.org/maven2/org/scala-lang/scala-reflect/2.12.18/scala-reflect-2.12.18.jar
2023.09.01 10:06:22 INFO  Scala CLI: Downloaded https://repo1.maven.org/maven2/org/scala-lang/scala-library/2.12.18/scala-library-2.12.18.jar
2023.09.01 10:06:25 INFO  Scala CLI: Downloaded https://repo1.maven.org/maven2/org/scala-lang/scala-compiler/2.12.18/scala-compiler-2.12.18.jar
2023.09.01 10:06:28 INFO  Scala CLI: Checking https://repo1.maven.org/maven2/org/scala-lang/scala-library/
2023.09.01 10:06:28 INFO  Scala CLI: Checked https://repo1.maven.org/maven2/org/scala-lang/scala-library/
2023.09.01 10:06:28 INFO  Scala CLI: Checking https://repo1.maven.org/maven2/org/scala-lang/scala-library/maven-metadata.xml
2023.09.01 10:06:28 INFO  Scala CLI: Checked https://repo1.maven.org/maven2/org/scala-lang/scala-library/maven-metadata.xml
2023.09.01 10:06:28 INFO  Scala CLI: Checking https://repo1.maven.org/maven2/org/scala-lang/scala3-library_3/
2023.09.01 10:06:28 INFO  Scala CLI: Checked https://repo1.maven.org/maven2/org/scala-lang/scala3-library_3/
2023.09.01 10:06:28 INFO  Scala CLI: Downloading https://repo1.maven.org/maven2/org/scala-lang/scala3-library_3/
2023.09.01 10:06:30 INFO  Scala CLI: Downloaded https://repo1.maven.org/maven2/org/scala-lang/scala3-library_3/
2023.09.01 10:06:30 INFO  Scala CLI: Checking https://repo1.maven.org/maven2/org/scala-lang/scala3-library_3/maven-metadata.xml
2023.09.01 10:06:30 INFO  Scala CLI: Checked https://repo1.maven.org/maven2/org/scala-lang/scala3-library_3/maven-metadata.xml
2023.09.01 10:06:30 INFO  Scala CLI: Downloading https://repo1.maven.org/maven2/org/scala-lang/scala3-library_3/maven-metadata.xml
2023.09.01 10:06:30 INFO  Scala CLI: Downloaded https://repo1.maven.org/maven2/org/scala-lang/scala3-library_3/maven-metadata.xml
2023.09.01 10:06:31 INFO  Connected to Scala CLI server v1.0.4
2023.09.01 10:06:32 INFO  compiling labsheet_10_bd2c96d2de (2 scala sources)
2023.09.01 10:06:37 INFO  time: indexed workspace in 5.5s
2023.09.01 10:06:42 INFO  time: compiled Labsheet_10_bd2c96d2de in 9.85s
2023.09.01 10:06:42 INFO  Scala CLI started for /Users/lm210306/Documents/SecondYear/FunctionalProgramming/Labsheet_10
2023.09.01 10:06:42 WARN  Build server is not auto-connectable.
2023.09.01 10:06:42 WARN  no build tool detected in workspace '/Users/lm210306/Documents/SecondYear/FunctionalProgramming/Labsheet_10'. The most common cause for this problem is that the editor was opened in the wrong working directory, for example if you use sbt then the workspace directory should contain build.sbt. 
2023.09.01 12:45:47 INFO  compiling labsheet_10_bd2c96d2de (1 scala source)
2023.09.01 12:45:51 INFO  time: compiled Labsheet_10_bd2c96d2de in 4.21s
2023.09.01 12:46:08 INFO  compiling labsheet_10_bd2c96d2de (1 scala source)
2023.09.01 12:46:09 INFO  time: compiled Labsheet_10_bd2c96d2de in 1.37s
2023.09.01 12:46:30 INFO  compiling labsheet_10_bd2c96d2de (1 scala source)
2023.09.01 12:46:32 INFO  time: compiled Labsheet_10_bd2c96d2de in 1.89s
2023.09.01 12:47:24 INFO  compiling labsheet_10_bd2c96d2de (1 scala source)
2023.09.01 12:47:26 INFO  time: compiled Labsheet_10_bd2c96d2de in 1.76s
2023.09.01 12:47:37 INFO  compiling labsheet_10_bd2c96d2de (1 scala source)
2023.09.01 12:47:38 INFO  time: compiled Labsheet_10_bd2c96d2de in 1.32s
2023.09.01 12:47:38 WARN  Could not load snapshot text for /Users/lm210306/Documents/SecondYear/FunctionalProgramming/Labsheet_10/Qu1.scala
2023.09.01 12:47:40 WARN  Could not load snapshot text for /Users/lm210306/Documents/SecondYear/FunctionalProgramming/Labsheet_10/Qu1.scala
2023.09.01 12:47:40 WARN  Could not load snapshot text for /Users/lm210306/Documents/SecondYear/FunctionalProgramming/Labsheet_10/Qu1.scala
2023.09.01 12:47:45 WARN  Could not load snapshot text for /Users/lm210306/Documents/SecondYear/FunctionalProgramming/Labsheet_10/Qu1.scala
2023.09.01 12:47:45 WARN  Could not load snapshot text for /Users/lm210306/Documents/SecondYear/FunctionalProgramming/Labsheet_10/Qu1.scala
2023.09.01 12:47:45 WARN  Could not load snapshot text for /Users/lm210306/Documents/SecondYear/FunctionalProgramming/Labsheet_10/Qu1.scala
2023.09.01 12:47:47 INFO  compiling labsheet_10_bd2c96d2de (1 scala source)
2023.09.01 12:47:49 INFO  time: compiled Labsheet_10_bd2c96d2de in 1.61s
2023.09.01 12:48:03 INFO  compiling labsheet_10_bd2c96d2de (1 scala source)
2023.09.01 12:48:03 INFO  time: compiled Labsheet_10_bd2c96d2de in 0.8s
2023.09.01 12:48:21 INFO  compiling labsheet_10_bd2c96d2de (1 scala source)
2023.09.01 12:48:21 INFO  time: compiled Labsheet_10_bd2c96d2de in 0.81s
2023.09.01 12:48:29 INFO  compiling labsheet_10_bd2c96d2de (1 scala source)
2023.09.01 12:48:30 INFO  time: compiled Labsheet_10_bd2c96d2de in 1.4s
2023.09.01 12:48:38 INFO  compiling labsheet_10_bd2c96d2de (1 scala source)
2023.09.01 12:48:38 INFO  time: compiled Labsheet_10_bd2c96d2de in 0.77s
2023.09.01 12:48:44 INFO  compiling labsheet_10_bd2c96d2de (1 scala source)
2023.09.01 12:48:45 INFO  time: compiled Labsheet_10_bd2c96d2de in 1.34s
2023.09.01 12:48:54 INFO  compiling labsheet_10_bd2c96d2de (1 scala source)
2023.09.01 12:48:54 INFO  time: compiled Labsheet_10_bd2c96d2de in 0.94s
2023.09.01 12:48:59 INFO  compiling labsheet_10_bd2c96d2de (1 scala source)
2023.09.01 12:49:00 INFO  time: compiled Labsheet_10_bd2c96d2de in 1.56s
2023.09.01 12:49:16 INFO  compiling labsheet_10_bd2c96d2de (1 scala source)
2023.09.01 12:49:17 INFO  time: compiled Labsheet_10_bd2c96d2de in 1.3s
2023.09.01 12:50:06 INFO  compiling labsheet_10_bd2c96d2de (1 scala source)
2023.09.01 12:50:07 INFO  time: compiled Labsheet_10_bd2c96d2de in 1.33s
